[0.032s] Invoking command in '/home/om/parrot_ws/src/build/parrot_v1_description': CMAKE_PREFIX_PATH=${CMAKE_PREFIX_PATH}:/home/om/navros_ws/install/serial_motor_demo:/home/om/parrot_ws/install/parrot_v1_examples:/home/om/parrot_ws/install/parrot_v1_comms_test:/home/om/ros2_udemy_manipulator_ws/install/arduinobot_py_examples:/home/om/ros2_ws/install/turtlesim_catch_them_all:/home/om/ros2_ws/install/my_py_pkg:/opt/ros/humble /usr/bin/cmake --build /home/om/parrot_ws/src/build/parrot_v1_description -- -j16 -l16
[0.063s] -- Found ament_cmake: 1.3.9 (/opt/ros/humble/share/ament_cmake/cmake)
[0.192s] -- Override CMake install command with custom implementation using symlinks instead of copying resources
[0.276s] -- Configuring done
[0.280s] -- Generating done
[0.280s] -- Build files have been written to: /home/om/parrot_ws/src/build/parrot_v1_description
[0.313s] Invoked command in '/home/om/parrot_ws/src/build/parrot_v1_description' returned '0': CMAKE_PREFIX_PATH=${CMAKE_PREFIX_PATH}:/home/om/navros_ws/install/serial_motor_demo:/home/om/parrot_ws/install/parrot_v1_examples:/home/om/parrot_ws/install/parrot_v1_comms_test:/home/om/ros2_udemy_manipulator_ws/install/arduinobot_py_examples:/home/om/ros2_ws/install/turtlesim_catch_them_all:/home/om/ros2_ws/install/my_py_pkg:/opt/ros/humble /usr/bin/cmake --build /home/om/parrot_ws/src/build/parrot_v1_description -- -j16 -l16
[0.353s] Invoking command in '/home/om/parrot_ws/src/build/parrot_v1_description': CMAKE_PREFIX_PATH=${CMAKE_PREFIX_PATH}:/home/om/navros_ws/install/serial_motor_demo:/home/om/parrot_ws/install/parrot_v1_examples:/home/om/parrot_ws/install/parrot_v1_comms_test:/home/om/ros2_udemy_manipulator_ws/install/arduinobot_py_examples:/home/om/ros2_ws/install/turtlesim_catch_them_all:/home/om/ros2_ws/install/my_py_pkg:/opt/ros/humble /usr/bin/cmake --install /home/om/parrot_ws/src/build/parrot_v1_description
[0.381s] -- Install configuration: ""
[0.381s] -- Execute custom install script
[0.381s] -- Up-to-date symlink: /home/om/parrot_ws/src/install/parrot_v1_description/share/parrot_v1_description//urdf/common_properties.urdf.xacro
[0.381s] -- Up-to-date symlink: /home/om/parrot_ws/src/install/parrot_v1_description/share/parrot_v1_description//urdf/parrot_v1.urdf.xacro
[0.381s] -- Symlinking: /home/om/parrot_ws/src/install/parrot_v1_description/share/parrot_v1_description//urdf/parrot_v1_control.xacro
[0.381s] -- Symlinking: /home/om/parrot_ws/src/install/parrot_v1_description/share/parrot_v1_description//urdf/parrot_v1_gazebo.urdf.xacro
[0.389s] -- Up-to-date symlink: /home/om/parrot_ws/src/install/parrot_v1_description/share/parrot_v1_description//urdf/parrot_v1_main.urdf.xacro
[0.390s] -- Up-to-date symlink: /home/om/parrot_ws/src/install/parrot_v1_description/share/parrot_v1_description//meshes/base_parrot.dae
[0.390s] -- Up-to-date symlink: /home/om/parrot_ws/src/install/parrot_v1_description/share/parrot_v1_description//meshes/dynamic_gripper_parrot.dae
[0.390s] -- Up-to-date symlink: /home/om/parrot_ws/src/install/parrot_v1_description/share/parrot_v1_description//meshes/joint_1_parrot.dae
[0.390s] -- Up-to-date symlink: /home/om/parrot_ws/src/install/parrot_v1_description/share/parrot_v1_description//meshes/joint_2_parrot.dae
[0.390s] -- Up-to-date symlink: /home/om/parrot_ws/src/install/parrot_v1_description/share/parrot_v1_description//meshes/joint_3_parrot.dae
[0.391s] -- Up-to-date symlink: /home/om/parrot_ws/src/install/parrot_v1_description/share/parrot_v1_description//meshes/joint_4_parrot.dae
[0.391s] -- Up-to-date symlink: /home/om/parrot_ws/src/install/parrot_v1_description/share/parrot_v1_description//meshes/parrot_test.dae
[0.391s] -- Up-to-date symlink: /home/om/parrot_ws/src/install/parrot_v1_description/share/parrot_v1_description//meshes/static_gripper_parrot.dae
[0.391s] -- Up-to-date symlink: /home/om/parrot_ws/src/install/parrot_v1_description/share/parrot_v1_description//meshes/stl_parrot/Linear_gear.stl
[0.391s] -- Up-to-date symlink: /home/om/parrot_ws/src/install/parrot_v1_description/share/parrot_v1_description//meshes/stl_parrot/Mount.stl
[0.392s] -- Up-to-date symlink: /home/om/parrot_ws/src/install/parrot_v1_description/share/parrot_v1_description//meshes/stl_parrot/base_parrot.stl
[0.392s] -- Up-to-date symlink: /home/om/parrot_ws/src/install/parrot_v1_description/share/parrot_v1_description//meshes/stl_parrot/gripper_dynamic_parrot.stl
[0.392s] -- Up-to-date symlink: /home/om/parrot_ws/src/install/parrot_v1_description/share/parrot_v1_description//meshes/stl_parrot/gripper_static_parrot.stl
[0.392s] -- Up-to-date symlink: /home/om/parrot_ws/src/install/parrot_v1_description/share/parrot_v1_description//meshes/stl_parrot/joint_1_parrot.stl
[0.393s] -- Up-to-date symlink: /home/om/parrot_ws/src/install/parrot_v1_description/share/parrot_v1_description//meshes/stl_parrot/joint_2_parrot.stl
[0.393s] -- Up-to-date symlink: /home/om/parrot_ws/src/install/parrot_v1_description/share/parrot_v1_description//meshes/stl_parrot/joint_3_parrot.stl
[0.393s] -- Up-to-date symlink: /home/om/parrot_ws/src/install/parrot_v1_description/share/parrot_v1_description//meshes/stl_parrot/joint_4_parrot.stl
[0.393s] -- Up-to-date symlink: /home/om/parrot_ws/src/install/parrot_v1_description/share/parrot_v1_description//rviz/parrot_v1_sim.rviz
[0.393s] -- Up-to-date symlink: /home/om/parrot_ws/src/install/parrot_v1_description/share/parrot_v1_description//rviz/parrot_v1_sim_2.rviz
[0.394s] -- Up-to-date symlink: /home/om/parrot_ws/src/install/parrot_v1_description/share/ament_index/resource_index/package_run_dependencies/parrot_v1_description
[0.394s] -- Up-to-date symlink: /home/om/parrot_ws/src/install/parrot_v1_description/share/ament_index/resource_index/parent_prefix_path/parrot_v1_description
[0.394s] -- Up-to-date symlink: /home/om/parrot_ws/src/install/parrot_v1_description/share/parrot_v1_description/environment/ament_prefix_path.sh
[0.394s] -- Up-to-date symlink: /home/om/parrot_ws/src/install/parrot_v1_description/share/parrot_v1_description/environment/ament_prefix_path.dsv
[0.395s] -- Up-to-date symlink: /home/om/parrot_ws/src/install/parrot_v1_description/share/parrot_v1_description/environment/path.sh
[0.395s] -- Up-to-date symlink: /home/om/parrot_ws/src/install/parrot_v1_description/share/parrot_v1_description/environment/path.dsv
[0.395s] -- Up-to-date symlink: /home/om/parrot_ws/src/install/parrot_v1_description/share/parrot_v1_description/local_setup.bash
[0.395s] -- Up-to-date symlink: /home/om/parrot_ws/src/install/parrot_v1_description/share/parrot_v1_description/local_setup.sh
[0.395s] -- Up-to-date symlink: /home/om/parrot_ws/src/install/parrot_v1_description/share/parrot_v1_description/local_setup.zsh
[0.396s] -- Up-to-date symlink: /home/om/parrot_ws/src/install/parrot_v1_description/share/parrot_v1_description/local_setup.dsv
[0.396s] -- Symlinking: /home/om/parrot_ws/src/install/parrot_v1_description/share/parrot_v1_description/package.dsv
[0.407s] -- Up-to-date symlink: /home/om/parrot_ws/src/install/parrot_v1_description/share/ament_index/resource_index/packages/parrot_v1_description
[0.408s] -- Up-to-date symlink: /home/om/parrot_ws/src/install/parrot_v1_description/share/parrot_v1_description/cmake/parrot_v1_descriptionConfig.cmake
[0.408s] -- Up-to-date symlink: /home/om/parrot_ws/src/install/parrot_v1_description/share/parrot_v1_description/cmake/parrot_v1_descriptionConfig-version.cmake
[0.408s] -- Up-to-date symlink: /home/om/parrot_ws/src/install/parrot_v1_description/share/parrot_v1_description/package.xml
[0.410s] Invoked command in '/home/om/parrot_ws/src/build/parrot_v1_description' returned '0': CMAKE_PREFIX_PATH=${CMAKE_PREFIX_PATH}:/home/om/navros_ws/install/serial_motor_demo:/home/om/parrot_ws/install/parrot_v1_examples:/home/om/parrot_ws/install/parrot_v1_comms_test:/home/om/ros2_udemy_manipulator_ws/install/arduinobot_py_examples:/home/om/ros2_ws/install/turtlesim_catch_them_all:/home/om/ros2_ws/install/my_py_pkg:/opt/ros/humble /usr/bin/cmake --install /home/om/parrot_ws/src/build/parrot_v1_description
