running develop
/home/om/.local/lib/python3.10/site-packages/setuptools/command/develop.py:40: EasyInstallDeprecationWarning: easy_install command is deprecated.
!!

        ********************************************************************************
        Please avoid running ``setup.py`` and ``easy_install``.
        Instead, use pypa/build, pypa/installer or other
        standards-based tools.

        See https://github.com/pypa/setuptools/issues/917 for details.
        ********************************************************************************

!!
  easy_install.initialize_options(self)
running egg_info
creating parrot_v1_examples.egg-info
writing parrot_v1_examples.egg-info/PKG-INFO
writing dependency_links to parrot_v1_examples.egg-info/dependency_links.txt
writing entry points to parrot_v1_examples.egg-info/entry_points.txt
writing requirements to parrot_v1_examples.egg-info/requires.txt
writing top-level names to parrot_v1_examples.egg-info/top_level.txt
writing manifest file 'parrot_v1_examples.egg-info/SOURCES.txt'
reading manifest file 'parrot_v1_examples.egg-info/SOURCES.txt'
writing manifest file 'parrot_v1_examples.egg-info/SOURCES.txt'
running build_ext
Creating /home/om/parrot_ws/src/install/parrot_v1_examples/lib/python3.10/site-packages/parrot-v1-examples.egg-link (link to .)
Installing simple_action_client script to /home/om/parrot_ws/src/install/parrot_v1_examples/lib/parrot_v1_examples
Installing simple_action_server script to /home/om/parrot_ws/src/install/parrot_v1_examples/lib/parrot_v1_examples

Installed /home/om/parrot_ws/src/build/parrot_v1_examples
running symlink_data
creating /home/om/parrot_ws/src/install/parrot_v1_examples/share/ament_index
creating /home/om/parrot_ws/src/install/parrot_v1_examples/share/ament_index/resource_index
creating /home/om/parrot_ws/src/install/parrot_v1_examples/share/ament_index/resource_index/packages
symbolically linking /home/om/parrot_ws/src/build/parrot_v1_examples/resource/parrot_v1_examples -> /home/om/parrot_ws/src/install/parrot_v1_examples/share/ament_index/resource_index/packages
symbolically linking /home/om/parrot_ws/src/build/parrot_v1_examples/package.xml -> /home/om/parrot_ws/src/install/parrot_v1_examples/share/parrot_v1_examples
