-- The C compiler identification is GNU 11.4.0
-- The CXX compiler identification is GNU 11.4.0
-- Detecting C compiler ABI info
-- Detecting C compiler ABI info - done
-- Check for working C compiler: /usr/bin/cc - skipped
-- Detecting C compile features
-- Detecting C compile features - done
-- Detecting CXX compiler ABI info
-- Detecting CXX compiler ABI info - done
-- Check for working CXX compiler: /usr/bin/c++ - skipped
-- Detecting CXX compile features
-- Detecting CXX compile features - done
-- Found ament_cmake: 1.3.9 (/opt/ros/humble/share/ament_cmake/cmake)
-- Found Python3: /usr/bin/python3 (found version "3.10.12") found components: Interpreter 
-- Override CMake install command with custom implementation using symlinks instead of copying resources
-- Found std_msgs: 4.2.4 (/opt/ros/humble/share/std_msgs/cmake)
-- Found rosidl_generator_c: 3.1.5 (/opt/ros/humble/share/rosidl_generator_c/cmake)
-- Found rosidl_adapter: 3.1.5 (/opt/ros/humble/share/rosidl_adapter/cmake)
-- Found rosidl_generator_cpp: 3.1.5 (/opt/ros/humble/share/rosidl_generator_cpp/cmake)
-- Using all available rosidl_typesupport_c: rosidl_typesupport_fastrtps_c;rosidl_typesupport_introspection_c
-- Using all available rosidl_typesupport_cpp: rosidl_typesupport_fastrtps_cpp;rosidl_typesupport_introspection_cpp
-- Found rosidl_default_generators: 1.2.0 (/opt/ros/humble/share/rosidl_default_generators/cmake)
-- Found ament_cmake_ros: 0.10.0 (/opt/ros/humble/share/ament_cmake_ros/cmake)
-- Using all available rosidl_typesupport_c: rosidl_typesupport_fastrtps_c;rosidl_typesupport_introspection_c
-- Using all available rosidl_typesupport_cpp: rosidl_typesupport_fastrtps_cpp;rosidl_typesupport_introspection_cpp
-- Found PythonInterp: /usr/bin/python3 (found suitable version "3.10.12", minimum required is "3.6") 
-- Found python_cmake_module: 0.10.0 (/opt/ros/humble/share/python_cmake_module/cmake)
-- Found PythonLibs: /usr/lib/x86_64-linux-gnu/libpython3.10.so (found suitable version "3.10.12", minimum required is "3.5") 
-- Using PYTHON_EXECUTABLE: /usr/bin/python3
-- Using PYTHON_INCLUDE_DIRS: /usr/include/python3.10
-- Using PYTHON_LIBRARIES: /usr/lib/x86_64-linux-gnu/libpython3.10.so
-- Found PythonExtra: .so  
-- Found ament_lint_auto: 0.12.11 (/opt/ros/humble/share/ament_lint_auto/cmake)
-- Configuring done
-- Generating done
-- Build files have been written to: /home/om/parrot_ws/src/build/parrot_v1_msgs
[  1%] [34m[1mGenerating C code for ROS interfaces[0m
[  3%] [34m[1mGenerating C++ code for ROS interfaces[0m
[  3%] Built target ament_cmake_python_symlink_parrot_v1_msgs
running egg_info
creating parrot_v1_msgs.egg-info
writing parrot_v1_msgs.egg-info/PKG-INFO
writing dependency_links to parrot_v1_msgs.egg-info/dependency_links.txt
writing top-level names to parrot_v1_msgs.egg-info/top_level.txt
writing manifest file 'parrot_v1_msgs.egg-info/SOURCES.txt'
reading manifest file 'parrot_v1_msgs.egg-info/SOURCES.txt'
writing manifest file 'parrot_v1_msgs.egg-info/SOURCES.txt'
[  3%] Built target ament_cmake_python_build_parrot_v1_msgs_egg
[  3%] Built target parrot_v1_msgs__cpp
[  5%] [34m[1mGenerating C++ type support dispatch for ROS interfaces[0m
[  7%] [34m[1mGenerating C++ type support for eProsima Fast-RTPS[0m
[  9%] [34m[1mGenerating C++ introspection for ROS interfaces[0m
[ 12%] [32mBuilding C object CMakeFiles/parrot_v1_msgs__rosidl_generator_c.dir/rosidl_generator_c/parrot_v1_msgs/srv/detail/euler_to_quaternion__functions.c.o[0m
[ 12%] [32mBuilding C object CMakeFiles/parrot_v1_msgs__rosidl_generator_c.dir/rosidl_generator_c/parrot_v1_msgs/srv/detail/quaternion_to_euler__functions.c.o[0m
[ 14%] [32mBuilding C object CMakeFiles/parrot_v1_msgs__rosidl_generator_c.dir/rosidl_generator_c/parrot_v1_msgs/srv/detail/add_two_ints__functions.c.o[0m
[ 16%] [32mBuilding C object CMakeFiles/parrot_v1_msgs__rosidl_generator_c.dir/rosidl_generator_c/parrot_v1_msgs/action/detail/fibonacci__functions.c.o[0m
[ 18%] [32m[1mLinking C shared library libparrot_v1_msgs__rosidl_generator_c.so[0m
[ 18%] Built target parrot_v1_msgs__rosidl_generator_c
[ 23%] [34m[1mGenerating C type support dispatch for ROS interfaces[0m
[ 23%] [34m[1mGenerating C type support for eProsima Fast-RTPS[0m
[ 23%] [34m[1mGenerating C introspection for ROS interfaces[0m
[ 29%] [32mBuilding CXX object CMakeFiles/parrot_v1_msgs__rosidl_typesupport_cpp.dir/rosidl_typesupport_cpp/parrot_v1_msgs/action/fibonacci__type_support.cpp.o[0m
[ 29%] [32mBuilding CXX object CMakeFiles/parrot_v1_msgs__rosidl_typesupport_cpp.dir/rosidl_typesupport_cpp/parrot_v1_msgs/srv/quaternion_to_euler__type_support.cpp.o[0m
[ 29%] [32mBuilding CXX object CMakeFiles/parrot_v1_msgs__rosidl_typesupport_cpp.dir/rosidl_typesupport_cpp/parrot_v1_msgs/srv/add_two_ints__type_support.cpp.o[0m
[ 30%] [32mBuilding CXX object CMakeFiles/parrot_v1_msgs__rosidl_typesupport_cpp.dir/rosidl_typesupport_cpp/parrot_v1_msgs/srv/euler_to_quaternion__type_support.cpp.o[0m
[ 36%] [32mBuilding CXX object CMakeFiles/parrot_v1_msgs__rosidl_typesupport_fastrtps_cpp.dir/rosidl_typesupport_fastrtps_cpp/parrot_v1_msgs/srv/detail/dds_fastrtps/euler_to_quaternion__type_support.cpp.o[0m
[ 36%] [32mBuilding CXX object CMakeFiles/parrot_v1_msgs__rosidl_typesupport_fastrtps_cpp.dir/rosidl_typesupport_fastrtps_cpp/parrot_v1_msgs/srv/detail/dds_fastrtps/add_two_ints__type_support.cpp.o[0m
[ 36%] [32mBuilding CXX object CMakeFiles/parrot_v1_msgs__rosidl_typesupport_fastrtps_cpp.dir/rosidl_typesupport_fastrtps_cpp/parrot_v1_msgs/action/detail/dds_fastrtps/fibonacci__type_support.cpp.o[0m
[ 38%] [32mBuilding CXX object CMakeFiles/parrot_v1_msgs__rosidl_typesupport_fastrtps_cpp.dir/rosidl_typesupport_fastrtps_cpp/parrot_v1_msgs/srv/detail/dds_fastrtps/quaternion_to_euler__type_support.cpp.o[0m
[ 40%] [32mBuilding CXX object CMakeFiles/parrot_v1_msgs__rosidl_typesupport_c.dir/rosidl_typesupport_c/parrot_v1_msgs/srv/add_two_ints__type_support.cpp.o[0m
[ 41%] [32mBuilding CXX object CMakeFiles/parrot_v1_msgs__rosidl_typesupport_c.dir/rosidl_typesupport_c/parrot_v1_msgs/srv/euler_to_quaternion__type_support.cpp.o[0m
[ 43%] [32mBuilding CXX object CMakeFiles/parrot_v1_msgs__rosidl_typesupport_c.dir/rosidl_typesupport_c/parrot_v1_msgs/srv/quaternion_to_euler__type_support.cpp.o[0m
[ 45%] [32mBuilding CXX object CMakeFiles/parrot_v1_msgs__rosidl_typesupport_c.dir/rosidl_typesupport_c/parrot_v1_msgs/action/fibonacci__type_support.cpp.o[0m
[ 47%] [32mBuilding CXX object CMakeFiles/parrot_v1_msgs__rosidl_typesupport_introspection_cpp.dir/rosidl_typesupport_introspection_cpp/parrot_v1_msgs/srv/detail/add_two_ints__type_support.cpp.o[0m
[ 49%] [32mBuilding CXX object CMakeFiles/parrot_v1_msgs__rosidl_typesupport_introspection_cpp.dir/rosidl_typesupport_introspection_cpp/parrot_v1_msgs/srv/detail/euler_to_quaternion__type_support.cpp.o[0m
[ 50%] [32mBuilding CXX object CMakeFiles/parrot_v1_msgs__rosidl_typesupport_introspection_cpp.dir/rosidl_typesupport_introspection_cpp/parrot_v1_msgs/srv/detail/quaternion_to_euler__type_support.cpp.o[0m
[ 52%] [32mBuilding CXX object CMakeFiles/parrot_v1_msgs__rosidl_typesupport_introspection_cpp.dir/rosidl_typesupport_introspection_cpp/parrot_v1_msgs/action/detail/fibonacci__type_support.cpp.o[0m
[ 54%] [32m[1mLinking CXX shared library libparrot_v1_msgs__rosidl_typesupport_c.so[0m
[ 54%] Built target parrot_v1_msgs__rosidl_typesupport_c
[ 56%] [32mBuilding C object CMakeFiles/parrot_v1_msgs__rosidl_typesupport_introspection_c.dir/rosidl_typesupport_introspection_c/parrot_v1_msgs/srv/detail/add_two_ints__type_support.c.o[0m
[ 58%] [32mBuilding C object CMakeFiles/parrot_v1_msgs__rosidl_typesupport_introspection_c.dir/rosidl_typesupport_introspection_c/parrot_v1_msgs/action/detail/fibonacci__type_support.c.o[0m
[ 60%] [32mBuilding C object CMakeFiles/parrot_v1_msgs__rosidl_typesupport_introspection_c.dir/rosidl_typesupport_introspection_c/parrot_v1_msgs/srv/detail/euler_to_quaternion__type_support.c.o[0m
[ 61%] [32mBuilding C object CMakeFiles/parrot_v1_msgs__rosidl_typesupport_introspection_c.dir/rosidl_typesupport_introspection_c/parrot_v1_msgs/srv/detail/quaternion_to_euler__type_support.c.o[0m
[ 63%] [32mBuilding CXX object CMakeFiles/parrot_v1_msgs__rosidl_typesupport_fastrtps_c.dir/rosidl_typesupport_fastrtps_c/parrot_v1_msgs/srv/detail/add_two_ints__type_support_c.cpp.o[0m
[ 65%] [32mBuilding CXX object CMakeFiles/parrot_v1_msgs__rosidl_typesupport_fastrtps_c.dir/rosidl_typesupport_fastrtps_c/parrot_v1_msgs/srv/detail/quaternion_to_euler__type_support_c.cpp.o[0m
[ 67%] [32mBuilding CXX object CMakeFiles/parrot_v1_msgs__rosidl_typesupport_fastrtps_c.dir/rosidl_typesupport_fastrtps_c/parrot_v1_msgs/srv/detail/euler_to_quaternion__type_support_c.cpp.o[0m
[ 69%] [32mBuilding CXX object CMakeFiles/parrot_v1_msgs__rosidl_typesupport_fastrtps_c.dir/rosidl_typesupport_fastrtps_c/parrot_v1_msgs/action/detail/fibonacci__type_support_c.cpp.o[0m
[ 70%] [32m[1mLinking C shared library libparrot_v1_msgs__rosidl_typesupport_introspection_c.so[0m
[ 72%] [32m[1mLinking CXX shared library libparrot_v1_msgs__rosidl_typesupport_cpp.so[0m
[ 72%] Built target parrot_v1_msgs__rosidl_typesupport_introspection_c
[ 72%] Built target parrot_v1_msgs__rosidl_typesupport_cpp
[ 74%] [32m[1mLinking CXX shared library libparrot_v1_msgs__rosidl_typesupport_fastrtps_cpp.so[0m
[ 76%] [32m[1mLinking CXX shared library libparrot_v1_msgs__rosidl_typesupport_fastrtps_c.so[0m
[ 78%] [32m[1mLinking CXX shared library libparrot_v1_msgs__rosidl_typesupport_introspection_cpp.so[0m
[ 78%] Built target parrot_v1_msgs__rosidl_typesupport_fastrtps_cpp
[ 78%] Built target parrot_v1_msgs__rosidl_typesupport_fastrtps_c
[ 78%] Built target parrot_v1_msgs__rosidl_typesupport_introspection_cpp
[ 78%] Built target parrot_v1_msgs
[ 80%] [34m[1mGenerating Python code for ROS interfaces[0m
[ 80%] Built target parrot_v1_msgs__py
[ 87%] [32mBuilding C object CMakeFiles/parrot_v1_msgs__rosidl_generator_py.dir/rosidl_generator_py/parrot_v1_msgs/srv/_quaternion_to_euler_s.c.o[0m
[ 87%] [32mBuilding C object CMakeFiles/parrot_v1_msgs__rosidl_generator_py.dir/rosidl_generator_py/parrot_v1_msgs/srv/_add_two_ints_s.c.o[0m
[ 87%] [32mBuilding C object CMakeFiles/parrot_v1_msgs__rosidl_generator_py.dir/rosidl_generator_py/parrot_v1_msgs/action/_fibonacci_s.c.o[0m
[ 87%] [32mBuilding C object CMakeFiles/parrot_v1_msgs__rosidl_generator_py.dir/rosidl_generator_py/parrot_v1_msgs/srv/_euler_to_quaternion_s.c.o[0m
[ 89%] [32m[1mLinking C shared library rosidl_generator_py/parrot_v1_msgs/libparrot_v1_msgs__rosidl_generator_py.so[0m
[ 89%] Built target parrot_v1_msgs__rosidl_generator_py
[ 94%] [32mBuilding C object CMakeFiles/parrot_v1_msgs__rosidl_typesupport_fastrtps_c__pyext.dir/rosidl_generator_py/parrot_v1_msgs/_parrot_v1_msgs_s.ep.rosidl_typesupport_fastrtps_c.c.o[0m
[ 94%] [32mBuilding C object CMakeFiles/parrot_v1_msgs__rosidl_typesupport_c__pyext.dir/rosidl_generator_py/parrot_v1_msgs/_parrot_v1_msgs_s.ep.rosidl_typesupport_c.c.o[0m
[ 94%] [32mBuilding C object CMakeFiles/parrot_v1_msgs__rosidl_typesupport_introspection_c__pyext.dir/rosidl_generator_py/parrot_v1_msgs/_parrot_v1_msgs_s.ep.rosidl_typesupport_introspection_c.c.o[0m
[ 98%] [32m[1mLinking C shared library rosidl_generator_py/parrot_v1_msgs/parrot_v1_msgs_s__rosidl_typesupport_c.cpython-310-x86_64-linux-gnu.so[0m
[ 98%] [32m[1mLinking C shared library rosidl_generator_py/parrot_v1_msgs/parrot_v1_msgs_s__rosidl_typesupport_fastrtps_c.cpython-310-x86_64-linux-gnu.so[0m
[100%] [32m[1mLinking C shared library rosidl_generator_py/parrot_v1_msgs/parrot_v1_msgs_s__rosidl_typesupport_introspection_c.cpython-310-x86_64-linux-gnu.so[0m
[100%] Built target parrot_v1_msgs__rosidl_typesupport_c__pyext
[100%] Built target parrot_v1_msgs__rosidl_typesupport_fastrtps_c__pyext
[100%] Built target parrot_v1_msgs__rosidl_typesupport_introspection_c__pyext
-- Install configuration: ""
-- Execute custom install script
-- Symlinking: /home/om/parrot_ws/src/install/parrot_v1_msgs/share/ament_index/resource_index/rosidl_interfaces/parrot_v1_msgs
-- Symlinking: /home/om/parrot_ws/src/install/parrot_v1_msgs/include/parrot_v1_msgs/parrot_v1_msgs/action/detail/fibonacci__functions.h
-- Symlinking: /home/om/parrot_ws/src/install/parrot_v1_msgs/include/parrot_v1_msgs/parrot_v1_msgs/action/detail/fibonacci__struct.h
-- Symlinking: /home/om/parrot_ws/src/install/parrot_v1_msgs/include/parrot_v1_msgs/parrot_v1_msgs/action/detail/fibonacci__type_support.h
-- Symlinking: /home/om/parrot_ws/src/install/parrot_v1_msgs/include/parrot_v1_msgs/parrot_v1_msgs/action/fibonacci.h
-- Symlinking: /home/om/parrot_ws/src/install/parrot_v1_msgs/include/parrot_v1_msgs/parrot_v1_msgs/msg/rosidl_generator_c__visibility_control.h
-- Symlinking: /home/om/parrot_ws/src/install/parrot_v1_msgs/include/parrot_v1_msgs/parrot_v1_msgs/srv/add_two_ints.h
-- Symlinking: /home/om/parrot_ws/src/install/parrot_v1_msgs/include/parrot_v1_msgs/parrot_v1_msgs/srv/detail/add_two_ints__functions.h
-- Symlinking: /home/om/parrot_ws/src/install/parrot_v1_msgs/include/parrot_v1_msgs/parrot_v1_msgs/srv/detail/add_two_ints__struct.h
-- Symlinking: /home/om/parrot_ws/src/install/parrot_v1_msgs/include/parrot_v1_msgs/parrot_v1_msgs/srv/detail/add_two_ints__type_support.h
-- Symlinking: /home/om/parrot_ws/src/install/parrot_v1_msgs/include/parrot_v1_msgs/parrot_v1_msgs/srv/detail/euler_to_quaternion__functions.h
-- Symlinking: /home/om/parrot_ws/src/install/parrot_v1_msgs/include/parrot_v1_msgs/parrot_v1_msgs/srv/detail/euler_to_quaternion__struct.h
-- Symlinking: /home/om/parrot_ws/src/install/parrot_v1_msgs/include/parrot_v1_msgs/parrot_v1_msgs/srv/detail/euler_to_quaternion__type_support.h
-- Symlinking: /home/om/parrot_ws/src/install/parrot_v1_msgs/include/parrot_v1_msgs/parrot_v1_msgs/srv/detail/quaternion_to_euler__functions.h
-- Symlinking: /home/om/parrot_ws/src/install/parrot_v1_msgs/include/parrot_v1_msgs/parrot_v1_msgs/srv/detail/quaternion_to_euler__struct.h
-- Symlinking: /home/om/parrot_ws/src/install/parrot_v1_msgs/include/parrot_v1_msgs/parrot_v1_msgs/srv/detail/quaternion_to_euler__type_support.h
-- Symlinking: /home/om/parrot_ws/src/install/parrot_v1_msgs/include/parrot_v1_msgs/parrot_v1_msgs/srv/euler_to_quaternion.h
-- Symlinking: /home/om/parrot_ws/src/install/parrot_v1_msgs/include/parrot_v1_msgs/parrot_v1_msgs/srv/quaternion_to_euler.h
-- Symlinking: /home/om/parrot_ws/src/install/parrot_v1_msgs/share/parrot_v1_msgs/environment/library_path.sh
-- Symlinking: /home/om/parrot_ws/src/install/parrot_v1_msgs/share/parrot_v1_msgs/environment/library_path.dsv
-- Symlinking: /home/om/parrot_ws/src/install/parrot_v1_msgs/include/parrot_v1_msgs/parrot_v1_msgs/action/detail/fibonacci__rosidl_typesupport_fastrtps_c.h
-- Symlinking: /home/om/parrot_ws/src/install/parrot_v1_msgs/include/parrot_v1_msgs/parrot_v1_msgs/msg/rosidl_typesupport_fastrtps_c__visibility_control.h
-- Symlinking: /home/om/parrot_ws/src/install/parrot_v1_msgs/include/parrot_v1_msgs/parrot_v1_msgs/srv/detail/add_two_ints__rosidl_typesupport_fastrtps_c.h
-- Symlinking: /home/om/parrot_ws/src/install/parrot_v1_msgs/include/parrot_v1_msgs/parrot_v1_msgs/srv/detail/euler_to_quaternion__rosidl_typesupport_fastrtps_c.h
-- Symlinking: /home/om/parrot_ws/src/install/parrot_v1_msgs/include/parrot_v1_msgs/parrot_v1_msgs/srv/detail/quaternion_to_euler__rosidl_typesupport_fastrtps_c.h
-- Symlinking: /home/om/parrot_ws/src/install/parrot_v1_msgs/include/parrot_v1_msgs/parrot_v1_msgs/action/detail/fibonacci__builder.hpp
-- Symlinking: /home/om/parrot_ws/src/install/parrot_v1_msgs/include/parrot_v1_msgs/parrot_v1_msgs/action/detail/fibonacci__struct.hpp
-- Symlinking: /home/om/parrot_ws/src/install/parrot_v1_msgs/include/parrot_v1_msgs/parrot_v1_msgs/action/detail/fibonacci__traits.hpp
-- Symlinking: /home/om/parrot_ws/src/install/parrot_v1_msgs/include/parrot_v1_msgs/parrot_v1_msgs/action/fibonacci.hpp
-- Symlinking: /home/om/parrot_ws/src/install/parrot_v1_msgs/include/parrot_v1_msgs/parrot_v1_msgs/srv/add_two_ints.hpp
-- Symlinking: /home/om/parrot_ws/src/install/parrot_v1_msgs/include/parrot_v1_msgs/parrot_v1_msgs/srv/detail/add_two_ints__builder.hpp
-- Symlinking: /home/om/parrot_ws/src/install/parrot_v1_msgs/include/parrot_v1_msgs/parrot_v1_msgs/srv/detail/add_two_ints__struct.hpp
-- Symlinking: /home/om/parrot_ws/src/install/parrot_v1_msgs/include/parrot_v1_msgs/parrot_v1_msgs/srv/detail/add_two_ints__traits.hpp
-- Symlinking: /home/om/parrot_ws/src/install/parrot_v1_msgs/include/parrot_v1_msgs/parrot_v1_msgs/srv/detail/euler_to_quaternion__builder.hpp
-- Symlinking: /home/om/parrot_ws/src/install/parrot_v1_msgs/include/parrot_v1_msgs/parrot_v1_msgs/srv/detail/euler_to_quaternion__struct.hpp
-- Symlinking: /home/om/parrot_ws/src/install/parrot_v1_msgs/include/parrot_v1_msgs/parrot_v1_msgs/srv/detail/euler_to_quaternion__traits.hpp
-- Symlinking: /home/om/parrot_ws/src/install/parrot_v1_msgs/include/parrot_v1_msgs/parrot_v1_msgs/srv/detail/quaternion_to_euler__builder.hpp
-- Symlinking: /home/om/parrot_ws/src/install/parrot_v1_msgs/include/parrot_v1_msgs/parrot_v1_msgs/srv/detail/quaternion_to_euler__struct.hpp
-- Symlinking: /home/om/parrot_ws/src/install/parrot_v1_msgs/include/parrot_v1_msgs/parrot_v1_msgs/srv/detail/quaternion_to_euler__traits.hpp
-- Symlinking: /home/om/parrot_ws/src/install/parrot_v1_msgs/include/parrot_v1_msgs/parrot_v1_msgs/srv/euler_to_quaternion.hpp
-- Symlinking: /home/om/parrot_ws/src/install/parrot_v1_msgs/include/parrot_v1_msgs/parrot_v1_msgs/srv/quaternion_to_euler.hpp
-- Symlinking: /home/om/parrot_ws/src/install/parrot_v1_msgs/include/parrot_v1_msgs/parrot_v1_msgs/action/detail/fibonacci__rosidl_typesupport_fastrtps_cpp.hpp
-- Symlinking: /home/om/parrot_ws/src/install/parrot_v1_msgs/include/parrot_v1_msgs/parrot_v1_msgs/msg/rosidl_typesupport_fastrtps_cpp__visibility_control.h
-- Symlinking: /home/om/parrot_ws/src/install/parrot_v1_msgs/include/parrot_v1_msgs/parrot_v1_msgs/srv/detail/add_two_ints__rosidl_typesupport_fastrtps_cpp.hpp
-- Symlinking: /home/om/parrot_ws/src/install/parrot_v1_msgs/include/parrot_v1_msgs/parrot_v1_msgs/srv/detail/euler_to_quaternion__rosidl_typesupport_fastrtps_cpp.hpp
-- Symlinking: /home/om/parrot_ws/src/install/parrot_v1_msgs/include/parrot_v1_msgs/parrot_v1_msgs/srv/detail/quaternion_to_euler__rosidl_typesupport_fastrtps_cpp.hpp
-- Symlinking: /home/om/parrot_ws/src/install/parrot_v1_msgs/include/parrot_v1_msgs/parrot_v1_msgs/action/detail/fibonacci__rosidl_typesupport_introspection_c.h
-- Symlinking: /home/om/parrot_ws/src/install/parrot_v1_msgs/include/parrot_v1_msgs/parrot_v1_msgs/msg/rosidl_typesupport_introspection_c__visibility_control.h
-- Symlinking: /home/om/parrot_ws/src/install/parrot_v1_msgs/include/parrot_v1_msgs/parrot_v1_msgs/srv/detail/add_two_ints__rosidl_typesupport_introspection_c.h
-- Symlinking: /home/om/parrot_ws/src/install/parrot_v1_msgs/include/parrot_v1_msgs/parrot_v1_msgs/srv/detail/euler_to_quaternion__rosidl_typesupport_introspection_c.h
-- Symlinking: /home/om/parrot_ws/src/install/parrot_v1_msgs/include/parrot_v1_msgs/parrot_v1_msgs/srv/detail/quaternion_to_euler__rosidl_typesupport_introspection_c.h
-- Symlinking: /home/om/parrot_ws/src/install/parrot_v1_msgs/include/parrot_v1_msgs/parrot_v1_msgs/action/detail/fibonacci__rosidl_typesupport_introspection_cpp.hpp
-- Symlinking: /home/om/parrot_ws/src/install/parrot_v1_msgs/include/parrot_v1_msgs/parrot_v1_msgs/srv/detail/add_two_ints__rosidl_typesupport_introspection_cpp.hpp
-- Symlinking: /home/om/parrot_ws/src/install/parrot_v1_msgs/include/parrot_v1_msgs/parrot_v1_msgs/srv/detail/euler_to_quaternion__rosidl_typesupport_introspection_cpp.hpp
-- Symlinking: /home/om/parrot_ws/src/install/parrot_v1_msgs/include/parrot_v1_msgs/parrot_v1_msgs/srv/detail/quaternion_to_euler__rosidl_typesupport_introspection_cpp.hpp
-- Symlinking: /home/om/parrot_ws/src/install/parrot_v1_msgs/share/parrot_v1_msgs/environment/pythonpath.sh
-- Symlinking: /home/om/parrot_ws/src/install/parrot_v1_msgs/share/parrot_v1_msgs/environment/pythonpath.dsv
-- Symlinking: /home/om/parrot_ws/src/install/parrot_v1_msgs/local/lib/python3.10/dist-packages/parrot_v1_msgs-0.0.0-py3.10.egg-info/PKG-INFO
-- Symlinking: /home/om/parrot_ws/src/install/parrot_v1_msgs/local/lib/python3.10/dist-packages/parrot_v1_msgs-0.0.0-py3.10.egg-info/SOURCES.txt
-- Symlinking: /home/om/parrot_ws/src/install/parrot_v1_msgs/local/lib/python3.10/dist-packages/parrot_v1_msgs-0.0.0-py3.10.egg-info/dependency_links.txt
-- Symlinking: /home/om/parrot_ws/src/install/parrot_v1_msgs/local/lib/python3.10/dist-packages/parrot_v1_msgs-0.0.0-py3.10.egg-info/top_level.txt
-- Symlinking: /home/om/parrot_ws/src/install/parrot_v1_msgs/local/lib/python3.10/dist-packages/parrot_v1_msgs/__init__.py
-- Symlinking: /home/om/parrot_ws/src/install/parrot_v1_msgs/local/lib/python3.10/dist-packages/parrot_v1_msgs/_parrot_v1_msgs_s.ep.rosidl_typesupport_c.c
-- Symlinking: /home/om/parrot_ws/src/install/parrot_v1_msgs/local/lib/python3.10/dist-packages/parrot_v1_msgs/_parrot_v1_msgs_s.ep.rosidl_typesupport_fastrtps_c.c
-- Symlinking: /home/om/parrot_ws/src/install/parrot_v1_msgs/local/lib/python3.10/dist-packages/parrot_v1_msgs/_parrot_v1_msgs_s.ep.rosidl_typesupport_introspection_c.c
-- Symlinking: /home/om/parrot_ws/src/install/parrot_v1_msgs/local/lib/python3.10/dist-packages/parrot_v1_msgs/action/__init__.py
-- Symlinking: /home/om/parrot_ws/src/install/parrot_v1_msgs/local/lib/python3.10/dist-packages/parrot_v1_msgs/action/_fibonacci.py
-- Symlinking: /home/om/parrot_ws/src/install/parrot_v1_msgs/local/lib/python3.10/dist-packages/parrot_v1_msgs/action/_fibonacci_s.c
-- Symlinking: /home/om/parrot_ws/src/install/parrot_v1_msgs/local/lib/python3.10/dist-packages/parrot_v1_msgs/libparrot_v1_msgs__rosidl_generator_py.so
-- Symlinking: /home/om/parrot_ws/src/install/parrot_v1_msgs/local/lib/python3.10/dist-packages/parrot_v1_msgs/parrot_v1_msgs_s__rosidl_typesupport_c.cpython-310-x86_64-linux-gnu.so
-- Symlinking: /home/om/parrot_ws/src/install/parrot_v1_msgs/local/lib/python3.10/dist-packages/parrot_v1_msgs/parrot_v1_msgs_s__rosidl_typesupport_fastrtps_c.cpython-310-x86_64-linux-gnu.so
-- Symlinking: /home/om/parrot_ws/src/install/parrot_v1_msgs/local/lib/python3.10/dist-packages/parrot_v1_msgs/parrot_v1_msgs_s__rosidl_typesupport_introspection_c.cpython-310-x86_64-linux-gnu.so
-- Symlinking: /home/om/parrot_ws/src/install/parrot_v1_msgs/local/lib/python3.10/dist-packages/parrot_v1_msgs/srv/__init__.py
-- Symlinking: /home/om/parrot_ws/src/install/parrot_v1_msgs/local/lib/python3.10/dist-packages/parrot_v1_msgs/srv/_add_two_ints.py
-- Symlinking: /home/om/parrot_ws/src/install/parrot_v1_msgs/local/lib/python3.10/dist-packages/parrot_v1_msgs/srv/_add_two_ints_s.c
-- Symlinking: /home/om/parrot_ws/src/install/parrot_v1_msgs/local/lib/python3.10/dist-packages/parrot_v1_msgs/srv/_euler_to_quaternion.py
-- Symlinking: /home/om/parrot_ws/src/install/parrot_v1_msgs/local/lib/python3.10/dist-packages/parrot_v1_msgs/srv/_euler_to_quaternion_s.c
-- Symlinking: /home/om/parrot_ws/src/install/parrot_v1_msgs/local/lib/python3.10/dist-packages/parrot_v1_msgs/srv/_quaternion_to_euler.py
-- Symlinking: /home/om/parrot_ws/src/install/parrot_v1_msgs/local/lib/python3.10/dist-packages/parrot_v1_msgs/srv/_quaternion_to_euler_s.c
-- Up-to-date symlink: /home/om/parrot_ws/src/install/parrot_v1_msgs/local/lib/python3.10/dist-packages/parrot_v1_msgs/parrot_v1_msgs_s__rosidl_typesupport_fastrtps_c.cpython-310-x86_64-linux-gnu.so
-- Up-to-date symlink: /home/om/parrot_ws/src/install/parrot_v1_msgs/local/lib/python3.10/dist-packages/parrot_v1_msgs/parrot_v1_msgs_s__rosidl_typesupport_introspection_c.cpython-310-x86_64-linux-gnu.so
-- Up-to-date symlink: /home/om/parrot_ws/src/install/parrot_v1_msgs/local/lib/python3.10/dist-packages/parrot_v1_msgs/parrot_v1_msgs_s__rosidl_typesupport_c.cpython-310-x86_64-linux-gnu.so
-- Symlinking: /home/om/parrot_ws/src/install/parrot_v1_msgs/share/parrot_v1_msgs/srv/AddTwoInts.idl
-- Symlinking: /home/om/parrot_ws/src/install/parrot_v1_msgs/share/parrot_v1_msgs/srv/EulerToQuaternion.idl
-- Symlinking: /home/om/parrot_ws/src/install/parrot_v1_msgs/share/parrot_v1_msgs/srv/QuaternionToEuler.idl
-- Symlinking: /home/om/parrot_ws/src/install/parrot_v1_msgs/share/parrot_v1_msgs/action/Fibonacci.idl
-- Symlinking: /home/om/parrot_ws/src/install/parrot_v1_msgs/share/parrot_v1_msgs/srv/AddTwoInts.srv
-- Symlinking: /home/om/parrot_ws/src/install/parrot_v1_msgs/share/parrot_v1_msgs/srv/AddTwoInts_Request.msg
-- Symlinking: /home/om/parrot_ws/src/install/parrot_v1_msgs/share/parrot_v1_msgs/srv/AddTwoInts_Response.msg
-- Symlinking: /home/om/parrot_ws/src/install/parrot_v1_msgs/share/parrot_v1_msgs/srv/EulerToQuaternion.srv
-- Symlinking: /home/om/parrot_ws/src/install/parrot_v1_msgs/share/parrot_v1_msgs/srv/EulerToQuaternion_Request.msg
-- Symlinking: /home/om/parrot_ws/src/install/parrot_v1_msgs/share/parrot_v1_msgs/srv/EulerToQuaternion_Response.msg
-- Symlinking: /home/om/parrot_ws/src/install/parrot_v1_msgs/share/parrot_v1_msgs/srv/QuaternionToEuler.srv
-- Symlinking: /home/om/parrot_ws/src/install/parrot_v1_msgs/share/parrot_v1_msgs/srv/QuaternionToEuler_Request.msg
-- Symlinking: /home/om/parrot_ws/src/install/parrot_v1_msgs/share/parrot_v1_msgs/srv/QuaternionToEuler_Response.msg
-- Symlinking: /home/om/parrot_ws/src/install/parrot_v1_msgs/share/parrot_v1_msgs/action/Fibonacci.action
-- Symlinking: /home/om/parrot_ws/src/install/parrot_v1_msgs/share/ament_index/resource_index/package_run_dependencies/parrot_v1_msgs
-- Symlinking: /home/om/parrot_ws/src/install/parrot_v1_msgs/share/ament_index/resource_index/parent_prefix_path/parrot_v1_msgs
-- Symlinking: /home/om/parrot_ws/src/install/parrot_v1_msgs/share/parrot_v1_msgs/environment/ament_prefix_path.sh
-- Symlinking: /home/om/parrot_ws/src/install/parrot_v1_msgs/share/parrot_v1_msgs/environment/ament_prefix_path.dsv
-- Symlinking: /home/om/parrot_ws/src/install/parrot_v1_msgs/share/parrot_v1_msgs/environment/path.sh
-- Symlinking: /home/om/parrot_ws/src/install/parrot_v1_msgs/share/parrot_v1_msgs/environment/path.dsv
-- Symlinking: /home/om/parrot_ws/src/install/parrot_v1_msgs/share/parrot_v1_msgs/local_setup.bash
-- Symlinking: /home/om/parrot_ws/src/install/parrot_v1_msgs/share/parrot_v1_msgs/local_setup.sh
-- Symlinking: /home/om/parrot_ws/src/install/parrot_v1_msgs/share/parrot_v1_msgs/local_setup.zsh
-- Symlinking: /home/om/parrot_ws/src/install/parrot_v1_msgs/share/parrot_v1_msgs/local_setup.dsv
-- Symlinking: /home/om/parrot_ws/src/install/parrot_v1_msgs/share/parrot_v1_msgs/package.dsv
-- Symlinking: /home/om/parrot_ws/src/install/parrot_v1_msgs/share/ament_index/resource_index/packages/parrot_v1_msgs
-- Symlinking: /home/om/parrot_ws/src/install/parrot_v1_msgs/share/parrot_v1_msgs/cmake/rosidl_cmake-extras.cmake
-- Symlinking: /home/om/parrot_ws/src/install/parrot_v1_msgs/share/parrot_v1_msgs/cmake/ament_cmake_export_dependencies-extras.cmake
-- Symlinking: /home/om/parrot_ws/src/install/parrot_v1_msgs/share/parrot_v1_msgs/cmake/ament_cmake_export_include_directories-extras.cmake
-- Symlinking: /home/om/parrot_ws/src/install/parrot_v1_msgs/share/parrot_v1_msgs/cmake/ament_cmake_export_libraries-extras.cmake
-- Symlinking: /home/om/parrot_ws/src/install/parrot_v1_msgs/share/parrot_v1_msgs/cmake/ament_cmake_export_targets-extras.cmake
-- Symlinking: /home/om/parrot_ws/src/install/parrot_v1_msgs/share/parrot_v1_msgs/cmake/rosidl_cmake_export_typesupport_targets-extras.cmake
-- Symlinking: /home/om/parrot_ws/src/install/parrot_v1_msgs/share/parrot_v1_msgs/cmake/rosidl_cmake_export_typesupport_libraries-extras.cmake
-- Symlinking: /home/om/parrot_ws/src/install/parrot_v1_msgs/share/parrot_v1_msgs/cmake/parrot_v1_msgsConfig.cmake
-- Symlinking: /home/om/parrot_ws/src/install/parrot_v1_msgs/share/parrot_v1_msgs/cmake/parrot_v1_msgsConfig-version.cmake
-- Symlinking: /home/om/parrot_ws/src/install/parrot_v1_msgs/share/parrot_v1_msgs/package.xml
-- Installing: /home/om/parrot_ws/src/install/parrot_v1_msgs/lib/libparrot_v1_msgs__rosidl_generator_c.so
-- Set runtime path of "/home/om/parrot_ws/src/install/parrot_v1_msgs/lib/libparrot_v1_msgs__rosidl_generator_c.so" to ""
-- Installing: /home/om/parrot_ws/src/install/parrot_v1_msgs/lib/libparrot_v1_msgs__rosidl_typesupport_fastrtps_c.so
-- Set runtime path of "/home/om/parrot_ws/src/install/parrot_v1_msgs/lib/libparrot_v1_msgs__rosidl_typesupport_fastrtps_c.so" to ""
-- Installing: /home/om/parrot_ws/src/install/parrot_v1_msgs/lib/libparrot_v1_msgs__rosidl_typesupport_fastrtps_cpp.so
-- Set runtime path of "/home/om/parrot_ws/src/install/parrot_v1_msgs/lib/libparrot_v1_msgs__rosidl_typesupport_fastrtps_cpp.so" to ""
-- Installing: /home/om/parrot_ws/src/install/parrot_v1_msgs/lib/libparrot_v1_msgs__rosidl_typesupport_introspection_c.so
-- Set runtime path of "/home/om/parrot_ws/src/install/parrot_v1_msgs/lib/libparrot_v1_msgs__rosidl_typesupport_introspection_c.so" to ""
-- Installing: /home/om/parrot_ws/src/install/parrot_v1_msgs/lib/libparrot_v1_msgs__rosidl_typesupport_c.so
-- Set runtime path of "/home/om/parrot_ws/src/install/parrot_v1_msgs/lib/libparrot_v1_msgs__rosidl_typesupport_c.so" to ""
-- Installing: /home/om/parrot_ws/src/install/parrot_v1_msgs/lib/libparrot_v1_msgs__rosidl_typesupport_introspection_cpp.so
-- Set runtime path of "/home/om/parrot_ws/src/install/parrot_v1_msgs/lib/libparrot_v1_msgs__rosidl_typesupport_introspection_cpp.so" to ""
-- Installing: /home/om/parrot_ws/src/install/parrot_v1_msgs/lib/libparrot_v1_msgs__rosidl_typesupport_cpp.so
-- Set runtime path of "/home/om/parrot_ws/src/install/parrot_v1_msgs/lib/libparrot_v1_msgs__rosidl_typesupport_cpp.so" to ""
Listing '/home/om/parrot_ws/src/install/parrot_v1_msgs/local/lib/python3.10/dist-packages/parrot_v1_msgs'...
Compiling '/home/om/parrot_ws/src/install/parrot_v1_msgs/local/lib/python3.10/dist-packages/parrot_v1_msgs/__init__.py'...
Listing '/home/om/parrot_ws/src/install/parrot_v1_msgs/local/lib/python3.10/dist-packages/parrot_v1_msgs/action'...
Compiling '/home/om/parrot_ws/src/install/parrot_v1_msgs/local/lib/python3.10/dist-packages/parrot_v1_msgs/action/__init__.py'...
Compiling '/home/om/parrot_ws/src/install/parrot_v1_msgs/local/lib/python3.10/dist-packages/parrot_v1_msgs/action/_fibonacci.py'...
Listing '/home/om/parrot_ws/src/install/parrot_v1_msgs/local/lib/python3.10/dist-packages/parrot_v1_msgs/srv'...
Compiling '/home/om/parrot_ws/src/install/parrot_v1_msgs/local/lib/python3.10/dist-packages/parrot_v1_msgs/srv/__init__.py'...
Compiling '/home/om/parrot_ws/src/install/parrot_v1_msgs/local/lib/python3.10/dist-packages/parrot_v1_msgs/srv/_add_two_ints.py'...
Compiling '/home/om/parrot_ws/src/install/parrot_v1_msgs/local/lib/python3.10/dist-packages/parrot_v1_msgs/srv/_euler_to_quaternion.py'...
Compiling '/home/om/parrot_ws/src/install/parrot_v1_msgs/local/lib/python3.10/dist-packages/parrot_v1_msgs/srv/_quaternion_to_euler.py'...
-- Installing: /home/om/parrot_ws/src/install/parrot_v1_msgs/lib/libparrot_v1_msgs__rosidl_generator_py.so
-- Set runtime path of "/home/om/parrot_ws/src/install/parrot_v1_msgs/lib/libparrot_v1_msgs__rosidl_generator_py.so" to ""
-- Installing: /home/om/parrot_ws/src/install/parrot_v1_msgs/share/parrot_v1_msgs/cmake/export_parrot_v1_msgs__rosidl_generator_cExport.cmake
-- Installing: /home/om/parrot_ws/src/install/parrot_v1_msgs/share/parrot_v1_msgs/cmake/export_parrot_v1_msgs__rosidl_generator_cExport-noconfig.cmake
-- Installing: /home/om/parrot_ws/src/install/parrot_v1_msgs/share/parrot_v1_msgs/cmake/export_parrot_v1_msgs__rosidl_typesupport_fastrtps_cExport.cmake
-- Installing: /home/om/parrot_ws/src/install/parrot_v1_msgs/share/parrot_v1_msgs/cmake/export_parrot_v1_msgs__rosidl_typesupport_fastrtps_cExport-noconfig.cmake
-- Installing: /home/om/parrot_ws/src/install/parrot_v1_msgs/share/parrot_v1_msgs/cmake/export_parrot_v1_msgs__rosidl_generator_cppExport.cmake
-- Installing: /home/om/parrot_ws/src/install/parrot_v1_msgs/share/parrot_v1_msgs/cmake/export_parrot_v1_msgs__rosidl_typesupport_fastrtps_cppExport.cmake
-- Installing: /home/om/parrot_ws/src/install/parrot_v1_msgs/share/parrot_v1_msgs/cmake/export_parrot_v1_msgs__rosidl_typesupport_fastrtps_cppExport-noconfig.cmake
-- Installing: /home/om/parrot_ws/src/install/parrot_v1_msgs/share/parrot_v1_msgs/cmake/parrot_v1_msgs__rosidl_typesupport_introspection_cExport.cmake
-- Installing: /home/om/parrot_ws/src/install/parrot_v1_msgs/share/parrot_v1_msgs/cmake/parrot_v1_msgs__rosidl_typesupport_introspection_cExport-noconfig.cmake
-- Installing: /home/om/parrot_ws/src/install/parrot_v1_msgs/share/parrot_v1_msgs/cmake/parrot_v1_msgs__rosidl_typesupport_cExport.cmake
-- Installing: /home/om/parrot_ws/src/install/parrot_v1_msgs/share/parrot_v1_msgs/cmake/parrot_v1_msgs__rosidl_typesupport_cExport-noconfig.cmake
-- Installing: /home/om/parrot_ws/src/install/parrot_v1_msgs/share/parrot_v1_msgs/cmake/parrot_v1_msgs__rosidl_typesupport_introspection_cppExport.cmake
-- Installing: /home/om/parrot_ws/src/install/parrot_v1_msgs/share/parrot_v1_msgs/cmake/parrot_v1_msgs__rosidl_typesupport_introspection_cppExport-noconfig.cmake
-- Installing: /home/om/parrot_ws/src/install/parrot_v1_msgs/share/parrot_v1_msgs/cmake/parrot_v1_msgs__rosidl_typesupport_cppExport.cmake
-- Installing: /home/om/parrot_ws/src/install/parrot_v1_msgs/share/parrot_v1_msgs/cmake/parrot_v1_msgs__rosidl_typesupport_cppExport-noconfig.cmake
-- Installing: /home/om/parrot_ws/src/install/parrot_v1_msgs/share/parrot_v1_msgs/cmake/export_parrot_v1_msgs__rosidl_generator_pyExport.cmake
-- Installing: /home/om/parrot_ws/src/install/parrot_v1_msgs/share/parrot_v1_msgs/cmake/export_parrot_v1_msgs__rosidl_generator_pyExport-noconfig.cmake
