-- Found ament_cmake: 1.3.9 (/opt/ros/humble/share/ament_cmake/cmake)
-- Override CMake install command with custom implementation using symlinks instead of copying resources
-- Found trajectory_msgs: 4.2.4 (/opt/ros/humble/share/trajectory_msgs/cmake)
-- Found rosidl_generator_c: 3.1.5 (/opt/ros/humble/share/rosidl_generator_c/cmake)
-- Found rosidl_adapter: 3.1.5 (/opt/ros/humble/share/rosidl_adapter/cmake)
-- Found rosidl_generator_cpp: 3.1.5 (/opt/ros/humble/share/rosidl_generator_cpp/cmake)
-- Using all available rosidl_typesupport_c: rosidl_typesupport_fastrtps_c;rosidl_typesupport_introspection_c
-- Using all available rosidl_typesupport_cpp: rosidl_typesupport_fastrtps_cpp;rosidl_typesupport_introspection_cpp
-- Found sensor_msgs: 4.2.4 (/opt/ros/humble/share/sensor_msgs/cmake)
-- Found rclcpp: 16.0.9 (/opt/ros/humble/share/rclcpp/cmake)
-- Found rmw_implementation_cmake: 6.1.2 (/opt/ros/humble/share/rmw_implementation_cmake/cmake)
-- Found rmw_fastrtps_cpp: 6.2.6 (/opt/ros/humble/share/rmw_fastrtps_cpp/cmake)
-- Found OpenSSL: /usr/lib/x86_64-linux-gnu/libcrypto.so (found version "3.0.2")  
-- Found FastRTPS: /opt/ros/humble/include  
-- Using RMW implementation 'rmw_fastrtps_cpp' as default
-- Looking for pthread.h
-- Looking for pthread.h - found
-- Performing Test CMAKE_HAVE_LIBC_PTHREAD
-- Performing Test CMAKE_HAVE_LIBC_PTHREAD - Success
-- Found Threads: TRUE  
-- Found rclpy: 3.3.13 (/opt/ros/humble/share/rclpy/cmake)
-- Configuring done
-- Generating done
-- Build files have been written to: /home/om/parrot_ws/src/build/parrot_v1_bringup
-- Install configuration: ""
-- Execute custom install script
-- Symlinking: /home/om/parrot_ws/src/install/parrot_v1_bringup/share/parrot_v1_bringup/launch/parrot_v1_controller.launch.py
-- Symlinking: /home/om/parrot_ws/src/install/parrot_v1_bringup/share/parrot_v1_bringup/launch/parrot_v1_gazebo_controller.launch.xml
-- Up-to-date symlink: /home/om/parrot_ws/src/install/parrot_v1_bringup/share/parrot_v1_bringup/launch/parrot_v1_sim.launch.xml
-- Symlinking: /home/om/parrot_ws/src/install/parrot_v1_bringup/share/parrot_v1_bringup/launch/parrot_v1_sim_gazebo.launch.xml
-- Symlinking: /home/om/parrot_ws/src/install/parrot_v1_bringup/share/parrot_v1_bringup/worlds/test_world.world
-- Up-to-date symlink: /home/om/parrot_ws/src/install/parrot_v1_bringup/share/ament_index/resource_index/package_run_dependencies/parrot_v1_bringup
-- Up-to-date symlink: /home/om/parrot_ws/src/install/parrot_v1_bringup/share/ament_index/resource_index/parent_prefix_path/parrot_v1_bringup
-- Up-to-date symlink: /home/om/parrot_ws/src/install/parrot_v1_bringup/share/parrot_v1_bringup/environment/ament_prefix_path.sh
-- Up-to-date symlink: /home/om/parrot_ws/src/install/parrot_v1_bringup/share/parrot_v1_bringup/environment/ament_prefix_path.dsv
-- Up-to-date symlink: /home/om/parrot_ws/src/install/parrot_v1_bringup/share/parrot_v1_bringup/environment/path.sh
-- Up-to-date symlink: /home/om/parrot_ws/src/install/parrot_v1_bringup/share/parrot_v1_bringup/environment/path.dsv
-- Up-to-date symlink: /home/om/parrot_ws/src/install/parrot_v1_bringup/share/parrot_v1_bringup/local_setup.bash
-- Up-to-date symlink: /home/om/parrot_ws/src/install/parrot_v1_bringup/share/parrot_v1_bringup/local_setup.sh
-- Up-to-date symlink: /home/om/parrot_ws/src/install/parrot_v1_bringup/share/parrot_v1_bringup/local_setup.zsh
-- Up-to-date symlink: /home/om/parrot_ws/src/install/parrot_v1_bringup/share/parrot_v1_bringup/local_setup.dsv
-- Symlinking: /home/om/parrot_ws/src/install/parrot_v1_bringup/share/parrot_v1_bringup/package.dsv
-- Up-to-date symlink: /home/om/parrot_ws/src/install/parrot_v1_bringup/share/ament_index/resource_index/packages/parrot_v1_bringup
-- Up-to-date symlink: /home/om/parrot_ws/src/install/parrot_v1_bringup/share/parrot_v1_bringup/cmake/parrot_v1_bringupConfig.cmake
-- Up-to-date symlink: /home/om/parrot_ws/src/install/parrot_v1_bringup/share/parrot_v1_bringup/cmake/parrot_v1_bringupConfig-version.cmake
-- Up-to-date symlink: /home/om/parrot_ws/src/install/parrot_v1_bringup/share/parrot_v1_bringup/package.xml
