[0.039s] Invoking command in '/home/om/parrot_ws/src/build/parrot_v1_bringup': CMAKE_PREFIX_PATH=${CMAKE_PREFIX_PATH}:/home/om/navros_ws/install/serial_motor_demo:/home/om/parrot_ws/install/parrot_v1_examples:/home/om/parrot_ws/install/parrot_v1_comms_test:/home/om/ros2_udemy_manipulator_ws/install/arduinobot_py_examples:/home/om/ros2_ws/install/turtlesim_catch_them_all:/home/om/ros2_ws/install/my_py_pkg:/opt/ros/humble /usr/bin/cmake --build /home/om/parrot_ws/src/build/parrot_v1_bringup -- -j16 -l16
[0.074s] -- Found ament_cmake: 1.3.9 (/opt/ros/humble/share/ament_cmake/cmake)
[0.205s] -- Override CMake install command with custom implementation using symlinks instead of copying resources
[0.226s] -- Found trajectory_msgs: 4.2.4 (/opt/ros/humble/share/trajectory_msgs/cmake)
[0.309s] -- Found rosidl_generator_c: 3.1.5 (/opt/ros/humble/share/rosidl_generator_c/cmake)
[0.325s] -- Found rosidl_adapter: 3.1.5 (/opt/ros/humble/share/rosidl_adapter/cmake)
[0.345s] -- Found rosidl_generator_cpp: 3.1.5 (/opt/ros/humble/share/rosidl_generator_cpp/cmake)
[0.393s] -- Using all available rosidl_typesupport_c: rosidl_typesupport_fastrtps_c;rosidl_typesupport_introspection_c
[0.412s] -- Using all available rosidl_typesupport_cpp: rosidl_typesupport_fastrtps_cpp;rosidl_typesupport_introspection_cpp
[0.641s] -- Found sensor_msgs: 4.2.4 (/opt/ros/humble/share/sensor_msgs/cmake)
[0.713s] -- Found rclcpp: 16.0.9 (/opt/ros/humble/share/rclcpp/cmake)
[0.825s] -- Found rmw_implementation_cmake: 6.1.2 (/opt/ros/humble/share/rmw_implementation_cmake/cmake)
[0.834s] -- Found rmw_fastrtps_cpp: 6.2.6 (/opt/ros/humble/share/rmw_fastrtps_cpp/cmake)
[0.977s] -- Found OpenSSL: /usr/lib/x86_64-linux-gnu/libcrypto.so (found version "3.0.2")  
[1.015s] -- Found FastRTPS: /opt/ros/humble/include  
[1.072s] -- Using RMW implementation 'rmw_fastrtps_cpp' as default
[1.097s] -- Looking for pthread.h
[1.184s] -- Looking for pthread.h - found
[1.184s] -- Performing Test CMAKE_HAVE_LIBC_PTHREAD
[1.263s] -- Performing Test CMAKE_HAVE_LIBC_PTHREAD - Success
[1.264s] -- Found Threads: TRUE  
[1.395s] -- Found rclpy: 3.3.13 (/opt/ros/humble/share/rclpy/cmake)
[1.461s] -- Configuring done
[1.467s] -- Generating done
[1.468s] -- Build files have been written to: /home/om/parrot_ws/src/build/parrot_v1_bringup
[1.504s] Invoked command in '/home/om/parrot_ws/src/build/parrot_v1_bringup' returned '0': CMAKE_PREFIX_PATH=${CMAKE_PREFIX_PATH}:/home/om/navros_ws/install/serial_motor_demo:/home/om/parrot_ws/install/parrot_v1_examples:/home/om/parrot_ws/install/parrot_v1_comms_test:/home/om/ros2_udemy_manipulator_ws/install/arduinobot_py_examples:/home/om/ros2_ws/install/turtlesim_catch_them_all:/home/om/ros2_ws/install/my_py_pkg:/opt/ros/humble /usr/bin/cmake --build /home/om/parrot_ws/src/build/parrot_v1_bringup -- -j16 -l16
[1.531s] Invoking command in '/home/om/parrot_ws/src/build/parrot_v1_bringup': CMAKE_PREFIX_PATH=${CMAKE_PREFIX_PATH}:/home/om/navros_ws/install/serial_motor_demo:/home/om/parrot_ws/install/parrot_v1_examples:/home/om/parrot_ws/install/parrot_v1_comms_test:/home/om/ros2_udemy_manipulator_ws/install/arduinobot_py_examples:/home/om/ros2_ws/install/turtlesim_catch_them_all:/home/om/ros2_ws/install/my_py_pkg:/opt/ros/humble /usr/bin/cmake --install /home/om/parrot_ws/src/build/parrot_v1_bringup
[1.540s] -- Install configuration: ""
[1.540s] -- Execute custom install script
[1.540s] -- Symlinking: /home/om/parrot_ws/src/install/parrot_v1_bringup/share/parrot_v1_bringup/launch/parrot_v1_controller.launch.py
[1.550s] -- Symlinking: /home/om/parrot_ws/src/install/parrot_v1_bringup/share/parrot_v1_bringup/launch/parrot_v1_gazebo_controller.launch.xml
[1.561s] -- Up-to-date symlink: /home/om/parrot_ws/src/install/parrot_v1_bringup/share/parrot_v1_bringup/launch/parrot_v1_sim.launch.xml
[1.561s] -- Symlinking: /home/om/parrot_ws/src/install/parrot_v1_bringup/share/parrot_v1_bringup/launch/parrot_v1_sim_gazebo.launch.xml
[1.571s] -- Symlinking: /home/om/parrot_ws/src/install/parrot_v1_bringup/share/parrot_v1_bringup/worlds/test_world.world
[1.581s] -- Up-to-date symlink: /home/om/parrot_ws/src/install/parrot_v1_bringup/share/ament_index/resource_index/package_run_dependencies/parrot_v1_bringup
[1.581s] -- Up-to-date symlink: /home/om/parrot_ws/src/install/parrot_v1_bringup/share/ament_index/resource_index/parent_prefix_path/parrot_v1_bringup
[1.582s] -- Up-to-date symlink: /home/om/parrot_ws/src/install/parrot_v1_bringup/share/parrot_v1_bringup/environment/ament_prefix_path.sh
[1.582s] -- Up-to-date symlink: /home/om/parrot_ws/src/install/parrot_v1_bringup/share/parrot_v1_bringup/environment/ament_prefix_path.dsv
[1.582s] -- Up-to-date symlink: /home/om/parrot_ws/src/install/parrot_v1_bringup/share/parrot_v1_bringup/environment/path.sh
[1.582s] -- Up-to-date symlink: /home/om/parrot_ws/src/install/parrot_v1_bringup/share/parrot_v1_bringup/environment/path.dsv
[1.583s] -- Up-to-date symlink: /home/om/parrot_ws/src/install/parrot_v1_bringup/share/parrot_v1_bringup/local_setup.bash
[1.583s] -- Up-to-date symlink: /home/om/parrot_ws/src/install/parrot_v1_bringup/share/parrot_v1_bringup/local_setup.sh
[1.583s] -- Up-to-date symlink: /home/om/parrot_ws/src/install/parrot_v1_bringup/share/parrot_v1_bringup/local_setup.zsh
[1.583s] -- Up-to-date symlink: /home/om/parrot_ws/src/install/parrot_v1_bringup/share/parrot_v1_bringup/local_setup.dsv
[1.584s] -- Symlinking: /home/om/parrot_ws/src/install/parrot_v1_bringup/share/parrot_v1_bringup/package.dsv
[1.594s] -- Up-to-date symlink: /home/om/parrot_ws/src/install/parrot_v1_bringup/share/ament_index/resource_index/packages/parrot_v1_bringup
[1.594s] -- Up-to-date symlink: /home/om/parrot_ws/src/install/parrot_v1_bringup/share/parrot_v1_bringup/cmake/parrot_v1_bringupConfig.cmake
[1.594s] -- Up-to-date symlink: /home/om/parrot_ws/src/install/parrot_v1_bringup/share/parrot_v1_bringup/cmake/parrot_v1_bringupConfig-version.cmake
[1.594s] -- Up-to-date symlink: /home/om/parrot_ws/src/install/parrot_v1_bringup/share/parrot_v1_bringup/package.xml
[1.598s] Invoked command in '/home/om/parrot_ws/src/build/parrot_v1_bringup' returned '0': CMAKE_PREFIX_PATH=${CMAKE_PREFIX_PATH}:/home/om/navros_ws/install/serial_motor_demo:/home/om/parrot_ws/install/parrot_v1_examples:/home/om/parrot_ws/install/parrot_v1_comms_test:/home/om/ros2_udemy_manipulator_ws/install/arduinobot_py_examples:/home/om/ros2_ws/install/turtlesim_catch_them_all:/home/om/ros2_ws/install/my_py_pkg:/opt/ros/humble /usr/bin/cmake --install /home/om/parrot_ws/src/build/parrot_v1_bringup
