[0.080s] Invoking command in '/home/om/parrot_ws/src/build/parrot_v1_description': CMAKE_PREFIX_PATH=${CMAKE_PREFIX_PATH}:/home/om/ros2_ws/install/turtlesim_catch_them_all:/home/om/ros2_ws/install/my_py_pkg:/opt/ros/humble /usr/bin/cmake /home/om/parrot_ws/src/parrot_v1_description -DCMAKE_INSTALL_PREFIX=/home/om/parrot_ws/src/install/parrot_v1_description
[0.125s] -- The C compiler identification is GNU 11.4.0
[0.168s] -- The CXX compiler identification is GNU 11.4.0
[0.174s] -- Detecting C compiler ABI info
[0.233s] -- Detecting C compiler ABI info - done
[0.238s] -- Check for working C compiler: /usr/bin/cc - skipped
[0.239s] -- Detecting C compile features
[0.239s] -- Detecting C compile features - done
[0.241s] -- Detecting CXX compiler ABI info
[0.309s] -- Detecting CXX compiler ABI info - done
[0.314s] -- Check for working CXX compiler: /usr/bin/c++ - skipped
[0.314s] -- Detecting CXX compile features
[0.314s] -- Detecting CXX compile features - done
[0.317s] -- Found ament_cmake: 1.3.8 (/opt/ros/humble/share/ament_cmake/cmake)
[0.443s] -- Found Python3: /usr/bin/python3 (found version "3.10.12") found components: Interpreter 
[0.566s] -- Configuring done
[0.568s] -- Generating done
[0.569s] -- Build files have been written to: /home/om/parrot_ws/src/build/parrot_v1_description
[0.573s] Invoked command in '/home/om/parrot_ws/src/build/parrot_v1_description' returned '0': CMAKE_PREFIX_PATH=${CMAKE_PREFIX_PATH}:/home/om/ros2_ws/install/turtlesim_catch_them_all:/home/om/ros2_ws/install/my_py_pkg:/opt/ros/humble /usr/bin/cmake /home/om/parrot_ws/src/parrot_v1_description -DCMAKE_INSTALL_PREFIX=/home/om/parrot_ws/src/install/parrot_v1_description
[0.574s] Invoking command in '/home/om/parrot_ws/src/build/parrot_v1_description': CMAKE_PREFIX_PATH=${CMAKE_PREFIX_PATH}:/home/om/ros2_ws/install/turtlesim_catch_them_all:/home/om/ros2_ws/install/my_py_pkg:/opt/ros/humble /usr/bin/cmake --build /home/om/parrot_ws/src/build/parrot_v1_description -- -j16 -l16
[0.607s] Invoked command in '/home/om/parrot_ws/src/build/parrot_v1_description' returned '0': CMAKE_PREFIX_PATH=${CMAKE_PREFIX_PATH}:/home/om/ros2_ws/install/turtlesim_catch_them_all:/home/om/ros2_ws/install/my_py_pkg:/opt/ros/humble /usr/bin/cmake --build /home/om/parrot_ws/src/build/parrot_v1_description -- -j16 -l16
[0.636s] Invoking command in '/home/om/parrot_ws/src/build/parrot_v1_description': CMAKE_PREFIX_PATH=${CMAKE_PREFIX_PATH}:/home/om/ros2_ws/install/turtlesim_catch_them_all:/home/om/ros2_ws/install/my_py_pkg:/opt/ros/humble /usr/bin/cmake --install /home/om/parrot_ws/src/build/parrot_v1_description
[0.642s] -- Install configuration: ""
[0.642s] -- Installing: /home/om/parrot_ws/src/install/parrot_v1_description/share/parrot_v1_description//urdf
[0.642s] -- Installing: /home/om/parrot_ws/src/install/parrot_v1_description/share/parrot_v1_description//urdf/common_properties.urdf.xacro
[0.642s] -- Installing: /home/om/parrot_ws/src/install/parrot_v1_description/share/parrot_v1_description//urdf/parrot_v1_main.urdf.xacro
[0.643s] -- Installing: /home/om/parrot_ws/src/install/parrot_v1_description/share/parrot_v1_description//meshes
[0.643s] -- Installing: /home/om/parrot_ws/src/install/parrot_v1_description/share/parrot_v1_description//meshes/joint_2_parrot.dae
[0.643s] -- Installing: /home/om/parrot_ws/src/install/parrot_v1_description/share/parrot_v1_description//meshes/base_parrot.dae
[0.644s] -- Installing: /home/om/parrot_ws/src/install/parrot_v1_description/share/parrot_v1_description//meshes/joint_1_parrot.dae
[0.644s] -- Installing: /home/om/parrot_ws/src/install/parrot_v1_description/share/parrot_v1_description//meshes/joint_4_parrot.dae
[0.645s] -- Installing: /home/om/parrot_ws/src/install/parrot_v1_description/share/parrot_v1_description//meshes/stl_parrot
[0.645s] -- Installing: /home/om/parrot_ws/src/install/parrot_v1_description/share/parrot_v1_description//meshes/stl_parrot/gripper_static_parrot.stl
[0.645s] -- Installing: /home/om/parrot_ws/src/install/parrot_v1_description/share/parrot_v1_description//meshes/stl_parrot/joint_2_parrot.stl
[0.645s] -- Installing: /home/om/parrot_ws/src/install/parrot_v1_description/share/parrot_v1_description//meshes/stl_parrot/base_parrot.stl
[0.646s] -- Installing: /home/om/parrot_ws/src/install/parrot_v1_description/share/parrot_v1_description//meshes/stl_parrot/joint_3_parrot.stl
[0.646s] -- Installing: /home/om/parrot_ws/src/install/parrot_v1_description/share/parrot_v1_description//meshes/stl_parrot/gripper_dynamic_parrot.stl
[0.646s] -- Installing: /home/om/parrot_ws/src/install/parrot_v1_description/share/parrot_v1_description//meshes/stl_parrot/joint_4_parrot.stl
[0.646s] -- Installing: /home/om/parrot_ws/src/install/parrot_v1_description/share/parrot_v1_description//meshes/stl_parrot/joint_1_parrot.stl
[0.647s] -- Installing: /home/om/parrot_ws/src/install/parrot_v1_description/share/parrot_v1_description//meshes/gripper_dynamic_parrot.dae
[0.647s] -- Installing: /home/om/parrot_ws/src/install/parrot_v1_description/share/parrot_v1_description//meshes/gripper_static_parrot.dae
[0.647s] -- Installing: /home/om/parrot_ws/src/install/parrot_v1_description/share/parrot_v1_description//meshes/ImageToStl.com_base_parrot.dae
[0.648s] -- Installing: /home/om/parrot_ws/src/install/parrot_v1_description/share/parrot_v1_description//meshes/joint_3_parrot.dae
[0.648s] -- Installing: /home/om/parrot_ws/src/install/parrot_v1_description/share/ament_index/resource_index/package_run_dependencies/parrot_v1_description
[0.648s] -- Installing: /home/om/parrot_ws/src/install/parrot_v1_description/share/ament_index/resource_index/parent_prefix_path/parrot_v1_description
[0.648s] -- Installing: /home/om/parrot_ws/src/install/parrot_v1_description/share/parrot_v1_description/environment/ament_prefix_path.sh
[0.649s] -- Installing: /home/om/parrot_ws/src/install/parrot_v1_description/share/parrot_v1_description/environment/ament_prefix_path.dsv
[0.649s] -- Installing: /home/om/parrot_ws/src/install/parrot_v1_description/share/parrot_v1_description/environment/path.sh
[0.649s] -- Installing: /home/om/parrot_ws/src/install/parrot_v1_description/share/parrot_v1_description/environment/path.dsv
[0.649s] -- Installing: /home/om/parrot_ws/src/install/parrot_v1_description/share/parrot_v1_description/local_setup.bash
[0.649s] -- Installing: /home/om/parrot_ws/src/install/parrot_v1_description/share/parrot_v1_description/local_setup.sh
[0.649s] -- Installing: /home/om/parrot_ws/src/install/parrot_v1_description/share/parrot_v1_description/local_setup.zsh
[0.649s] -- Installing: /home/om/parrot_ws/src/install/parrot_v1_description/share/parrot_v1_description/local_setup.dsv
[0.649s] -- Installing: /home/om/parrot_ws/src/install/parrot_v1_description/share/parrot_v1_description/package.dsv
[0.649s] -- Installing: /home/om/parrot_ws/src/install/parrot_v1_description/share/ament_index/resource_index/packages/parrot_v1_description
[0.650s] -- Installing: /home/om/parrot_ws/src/install/parrot_v1_description/share/parrot_v1_description/cmake/parrot_v1_descriptionConfig.cmake
[0.650s] -- Installing: /home/om/parrot_ws/src/install/parrot_v1_description/share/parrot_v1_description/cmake/parrot_v1_descriptionConfig-version.cmake
[0.650s] -- Installing: /home/om/parrot_ws/src/install/parrot_v1_description/share/parrot_v1_description/package.xml
[0.651s] Invoked command in '/home/om/parrot_ws/src/build/parrot_v1_description' returned '0': CMAKE_PREFIX_PATH=${CMAKE_PREFIX_PATH}:/home/om/ros2_ws/install/turtlesim_catch_them_all:/home/om/ros2_ws/install/my_py_pkg:/opt/ros/humble /usr/bin/cmake --install /home/om/parrot_ws/src/build/parrot_v1_description
