-- The C compiler identification is GNU 11.4.0
-- The CXX compiler identification is GNU 11.4.0
-- Detecting C compiler ABI info
-- Detecting C compiler ABI info - done
-- Check for working C compiler: /usr/bin/cc - skipped
-- Detecting C compile features
-- Detecting C compile features - done
-- Detecting CXX compiler ABI info
-- Detecting CXX compiler ABI info - done
-- Check for working CXX compiler: /usr/bin/c++ - skipped
-- Detecting CXX compile features
-- Detecting CXX compile features - done
-- Found ament_cmake: 1.3.9 (/opt/ros/humble/share/ament_cmake/cmake)
-- Found Python3: /usr/bin/python3 (found version "3.10.12") found components: Interpreter 
-- Override CMake install command with custom implementation using symlinks instead of copying resources
-- Configuring done
-- Generating done
-- Build files have been written to: /home/om/parrot_ws/src/build/parrot_v1_controller
-- Install configuration: ""
-- Execute custom install script
-- Symlinking: /home/om/parrot_ws/src/install/parrot_v1_controller/share/parrot_v1_controller//config/parrot_v1_controller.yaml
-- Symlinking: /home/om/parrot_ws/src/install/parrot_v1_controller/share/ament_index/resource_index/package_run_dependencies/parrot_v1_controller
-- Symlinking: /home/om/parrot_ws/src/install/parrot_v1_controller/share/ament_index/resource_index/parent_prefix_path/parrot_v1_controller
-- Symlinking: /home/om/parrot_ws/src/install/parrot_v1_controller/share/parrot_v1_controller/environment/ament_prefix_path.sh
-- Symlinking: /home/om/parrot_ws/src/install/parrot_v1_controller/share/parrot_v1_controller/environment/ament_prefix_path.dsv
-- Symlinking: /home/om/parrot_ws/src/install/parrot_v1_controller/share/parrot_v1_controller/environment/path.sh
-- Symlinking: /home/om/parrot_ws/src/install/parrot_v1_controller/share/parrot_v1_controller/environment/path.dsv
-- Symlinking: /home/om/parrot_ws/src/install/parrot_v1_controller/share/parrot_v1_controller/local_setup.bash
-- Symlinking: /home/om/parrot_ws/src/install/parrot_v1_controller/share/parrot_v1_controller/local_setup.sh
-- Symlinking: /home/om/parrot_ws/src/install/parrot_v1_controller/share/parrot_v1_controller/local_setup.zsh
-- Symlinking: /home/om/parrot_ws/src/install/parrot_v1_controller/share/parrot_v1_controller/local_setup.dsv
-- Symlinking: /home/om/parrot_ws/src/install/parrot_v1_controller/share/parrot_v1_controller/package.dsv
-- Symlinking: /home/om/parrot_ws/src/install/parrot_v1_controller/share/ament_index/resource_index/packages/parrot_v1_controller
-- Symlinking: /home/om/parrot_ws/src/install/parrot_v1_controller/share/parrot_v1_controller/cmake/parrot_v1_controllerConfig.cmake
-- Symlinking: /home/om/parrot_ws/src/install/parrot_v1_controller/share/parrot_v1_controller/cmake/parrot_v1_controllerConfig-version.cmake
-- Symlinking: /home/om/parrot_ws/src/install/parrot_v1_controller/share/parrot_v1_controller/package.xml
