[0.035s] Invoking command in '/home/om/parrot_ws/src/build/parrot_v1_controller': CMAKE_PREFIX_PATH=${CMAKE_PREFIX_PATH}:/home/om/navros_ws/install/serial_motor_demo:/home/om/parrot_ws/install/parrot_v1_examples:/home/om/parrot_ws/install/parrot_v1_comms_test:/home/om/ros2_udemy_manipulator_ws/install/arduinobot_py_examples:/home/om/ros2_ws/install/turtlesim_catch_them_all:/home/om/ros2_ws/install/my_py_pkg:/opt/ros/humble /usr/bin/cmake /home/om/parrot_ws/src/parrot_v1_controller -DAMENT_CMAKE_SYMLINK_INSTALL=1 -DCMAKE_INSTALL_PREFIX=/home/om/parrot_ws/src/install/parrot_v1_controller
[0.140s] -- The C compiler identification is GNU 11.4.0
[0.220s] -- The CXX compiler identification is GNU 11.4.0
[0.228s] -- Detecting C compiler ABI info
[0.303s] -- Detecting C compiler ABI info - done
[0.312s] -- Check for working C compiler: /usr/bin/cc - skipped
[0.312s] -- Detecting C compile features
[0.312s] -- Detecting C compile features - done
[0.315s] -- Detecting CXX compiler ABI info
[0.404s] -- Detecting CXX compiler ABI info - done
[0.414s] -- Check for working CXX compiler: /usr/bin/c++ - skipped
[0.415s] -- Detecting CXX compile features
[0.415s] -- Detecting CXX compile features - done
[0.425s] -- Found ament_cmake: 1.3.9 (/opt/ros/humble/share/ament_cmake/cmake)
[0.831s] -- Found Python3: /usr/bin/python3 (found version "3.10.12") found components: Interpreter 
[0.893s] -- Override CMake install command with custom implementation using symlinks instead of copying resources
[1.038s] -- Configuring done
[1.040s] -- Generating done
[1.041s] -- Build files have been written to: /home/om/parrot_ws/src/build/parrot_v1_controller
[1.045s] Invoked command in '/home/om/parrot_ws/src/build/parrot_v1_controller' returned '0': CMAKE_PREFIX_PATH=${CMAKE_PREFIX_PATH}:/home/om/navros_ws/install/serial_motor_demo:/home/om/parrot_ws/install/parrot_v1_examples:/home/om/parrot_ws/install/parrot_v1_comms_test:/home/om/ros2_udemy_manipulator_ws/install/arduinobot_py_examples:/home/om/ros2_ws/install/turtlesim_catch_them_all:/home/om/ros2_ws/install/my_py_pkg:/opt/ros/humble /usr/bin/cmake /home/om/parrot_ws/src/parrot_v1_controller -DAMENT_CMAKE_SYMLINK_INSTALL=1 -DCMAKE_INSTALL_PREFIX=/home/om/parrot_ws/src/install/parrot_v1_controller
[1.047s] Invoking command in '/home/om/parrot_ws/src/build/parrot_v1_controller': CMAKE_PREFIX_PATH=${CMAKE_PREFIX_PATH}:/home/om/navros_ws/install/serial_motor_demo:/home/om/parrot_ws/install/parrot_v1_examples:/home/om/parrot_ws/install/parrot_v1_comms_test:/home/om/ros2_udemy_manipulator_ws/install/arduinobot_py_examples:/home/om/ros2_ws/install/turtlesim_catch_them_all:/home/om/ros2_ws/install/my_py_pkg:/opt/ros/humble /usr/bin/cmake --build /home/om/parrot_ws/src/build/parrot_v1_controller -- -j16 -l16
[1.090s] Invoked command in '/home/om/parrot_ws/src/build/parrot_v1_controller' returned '0': CMAKE_PREFIX_PATH=${CMAKE_PREFIX_PATH}:/home/om/navros_ws/install/serial_motor_demo:/home/om/parrot_ws/install/parrot_v1_examples:/home/om/parrot_ws/install/parrot_v1_comms_test:/home/om/ros2_udemy_manipulator_ws/install/arduinobot_py_examples:/home/om/ros2_ws/install/turtlesim_catch_them_all:/home/om/ros2_ws/install/my_py_pkg:/opt/ros/humble /usr/bin/cmake --build /home/om/parrot_ws/src/build/parrot_v1_controller -- -j16 -l16
[1.118s] Invoking command in '/home/om/parrot_ws/src/build/parrot_v1_controller': CMAKE_PREFIX_PATH=${CMAKE_PREFIX_PATH}:/home/om/navros_ws/install/serial_motor_demo:/home/om/parrot_ws/install/parrot_v1_examples:/home/om/parrot_ws/install/parrot_v1_comms_test:/home/om/ros2_udemy_manipulator_ws/install/arduinobot_py_examples:/home/om/ros2_ws/install/turtlesim_catch_them_all:/home/om/ros2_ws/install/my_py_pkg:/opt/ros/humble /usr/bin/cmake --install /home/om/parrot_ws/src/build/parrot_v1_controller
[1.127s] -- Install configuration: ""
[1.128s] -- Execute custom install script
[1.128s] -- Symlinking: /home/om/parrot_ws/src/install/parrot_v1_controller/share/parrot_v1_controller//config/parrot_v1_controller.yaml
[1.139s] -- Symlinking: /home/om/parrot_ws/src/install/parrot_v1_controller/share/ament_index/resource_index/package_run_dependencies/parrot_v1_controller
[1.149s] -- Symlinking: /home/om/parrot_ws/src/install/parrot_v1_controller/share/ament_index/resource_index/parent_prefix_path/parrot_v1_controller
[1.159s] -- Symlinking: /home/om/parrot_ws/src/install/parrot_v1_controller/share/parrot_v1_controller/environment/ament_prefix_path.sh
[1.170s] -- Symlinking: /home/om/parrot_ws/src/install/parrot_v1_controller/share/parrot_v1_controller/environment/ament_prefix_path.dsv
[1.181s] -- Symlinking: /home/om/parrot_ws/src/install/parrot_v1_controller/share/parrot_v1_controller/environment/path.sh
[1.193s] -- Symlinking: /home/om/parrot_ws/src/install/parrot_v1_controller/share/parrot_v1_controller/environment/path.dsv
[1.204s] -- Symlinking: /home/om/parrot_ws/src/install/parrot_v1_controller/share/parrot_v1_controller/local_setup.bash
[1.215s] -- Symlinking: /home/om/parrot_ws/src/install/parrot_v1_controller/share/parrot_v1_controller/local_setup.sh
[1.226s] -- Symlinking: /home/om/parrot_ws/src/install/parrot_v1_controller/share/parrot_v1_controller/local_setup.zsh
[1.236s] -- Symlinking: /home/om/parrot_ws/src/install/parrot_v1_controller/share/parrot_v1_controller/local_setup.dsv
[1.246s] -- Symlinking: /home/om/parrot_ws/src/install/parrot_v1_controller/share/parrot_v1_controller/package.dsv
[1.257s] -- Symlinking: /home/om/parrot_ws/src/install/parrot_v1_controller/share/ament_index/resource_index/packages/parrot_v1_controller
[1.267s] -- Symlinking: /home/om/parrot_ws/src/install/parrot_v1_controller/share/parrot_v1_controller/cmake/parrot_v1_controllerConfig.cmake
[1.278s] -- Symlinking: /home/om/parrot_ws/src/install/parrot_v1_controller/share/parrot_v1_controller/cmake/parrot_v1_controllerConfig-version.cmake
[1.289s] -- Symlinking: /home/om/parrot_ws/src/install/parrot_v1_controller/share/parrot_v1_controller/package.xml
[1.302s] Invoked command in '/home/om/parrot_ws/src/build/parrot_v1_controller' returned '0': CMAKE_PREFIX_PATH=${CMAKE_PREFIX_PATH}:/home/om/navros_ws/install/serial_motor_demo:/home/om/parrot_ws/install/parrot_v1_examples:/home/om/parrot_ws/install/parrot_v1_comms_test:/home/om/ros2_udemy_manipulator_ws/install/arduinobot_py_examples:/home/om/ros2_ws/install/turtlesim_catch_them_all:/home/om/ros2_ws/install/my_py_pkg:/opt/ros/humble /usr/bin/cmake --install /home/om/parrot_ws/src/build/parrot_v1_controller
