[0.028s] Invoking command in '/home/om/parrot_ws/src/build/parrot_v1_moveit': CMAKE_PREFIX_PATH=${CMAKE_PREFIX_PATH}:/home/om/navros_ws/install/serial_motor_demo:/home/om/parrot_ws/install/parrot_v1_examples:/home/om/parrot_ws/install/parrot_v1_comms_test:/home/om/ros2_udemy_manipulator_ws/install/arduinobot_py_examples:/home/om/ros2_ws/install/turtlesim_catch_them_all:/home/om/ros2_ws/install/my_py_pkg:/opt/ros/humble /usr/bin/cmake /home/om/parrot_ws/src/parrot_v1_moveit -DAMENT_CMAKE_SYMLINK_INSTALL=1 -DCMAKE_INSTALL_PREFIX=/home/om/parrot_ws/src/install/parrot_v1_moveit
[0.120s] -- The C compiler identification is GNU 11.4.0
[0.205s] -- The CXX compiler identification is GNU 11.4.0
[0.212s] -- Detecting C compiler ABI info
[0.285s] -- Detecting C compiler ABI info - done
[0.291s] -- Check for working C compiler: /usr/bin/cc - skipped
[0.292s] -- Detecting C compile features
[0.292s] -- Detecting C compile features - done
[0.295s] -- Detecting CXX compiler ABI info
[0.386s] -- Detecting CXX compiler ABI info - done
[0.396s] -- Check for working CXX compiler: /usr/bin/c++ - skipped
[0.396s] -- Detecting CXX compile features
[0.397s] -- Detecting CXX compile features - done
[0.406s] -- Found ament_cmake: 1.3.9 (/opt/ros/humble/share/ament_cmake/cmake)
[0.813s] -- Found Python3: /usr/bin/python3 (found version "3.10.12") found components: Interpreter 
[0.880s] -- Override CMake install command with custom implementation using symlinks instead of copying resources
[0.965s] -- Found ament_lint_auto: 0.12.11 (/opt/ros/humble/share/ament_lint_auto/cmake)
[1.087s] -- Added test 'copyright' to check source files copyright and LICENSE
[1.090s] -- Added test 'flake8' to check Python code syntax and style conventions
[1.091s] -- Added test 'lint_cmake' to check CMake code style
[1.092s] -- Added test 'pep257' to check Python code against some of the docstring style conventions in PEP 257
[1.095s] -- Added test 'xmllint' to check XML markup files
[1.097s] -- Configuring done
[1.101s] -- Generating done
[1.102s] -- Build files have been written to: /home/om/parrot_ws/src/build/parrot_v1_moveit
[1.106s] Invoked command in '/home/om/parrot_ws/src/build/parrot_v1_moveit' returned '0': CMAKE_PREFIX_PATH=${CMAKE_PREFIX_PATH}:/home/om/navros_ws/install/serial_motor_demo:/home/om/parrot_ws/install/parrot_v1_examples:/home/om/parrot_ws/install/parrot_v1_comms_test:/home/om/ros2_udemy_manipulator_ws/install/arduinobot_py_examples:/home/om/ros2_ws/install/turtlesim_catch_them_all:/home/om/ros2_ws/install/my_py_pkg:/opt/ros/humble /usr/bin/cmake /home/om/parrot_ws/src/parrot_v1_moveit -DAMENT_CMAKE_SYMLINK_INSTALL=1 -DCMAKE_INSTALL_PREFIX=/home/om/parrot_ws/src/install/parrot_v1_moveit
[1.107s] Invoking command in '/home/om/parrot_ws/src/build/parrot_v1_moveit': CMAKE_PREFIX_PATH=${CMAKE_PREFIX_PATH}:/home/om/navros_ws/install/serial_motor_demo:/home/om/parrot_ws/install/parrot_v1_examples:/home/om/parrot_ws/install/parrot_v1_comms_test:/home/om/ros2_udemy_manipulator_ws/install/arduinobot_py_examples:/home/om/ros2_ws/install/turtlesim_catch_them_all:/home/om/ros2_ws/install/my_py_pkg:/opt/ros/humble /usr/bin/cmake --build /home/om/parrot_ws/src/build/parrot_v1_moveit -- -j16 -l16
[1.153s] Invoked command in '/home/om/parrot_ws/src/build/parrot_v1_moveit' returned '0': CMAKE_PREFIX_PATH=${CMAKE_PREFIX_PATH}:/home/om/navros_ws/install/serial_motor_demo:/home/om/parrot_ws/install/parrot_v1_examples:/home/om/parrot_ws/install/parrot_v1_comms_test:/home/om/ros2_udemy_manipulator_ws/install/arduinobot_py_examples:/home/om/ros2_ws/install/turtlesim_catch_them_all:/home/om/ros2_ws/install/my_py_pkg:/opt/ros/humble /usr/bin/cmake --build /home/om/parrot_ws/src/build/parrot_v1_moveit -- -j16 -l16
[1.182s] Invoking command in '/home/om/parrot_ws/src/build/parrot_v1_moveit': CMAKE_PREFIX_PATH=${CMAKE_PREFIX_PATH}:/home/om/navros_ws/install/serial_motor_demo:/home/om/parrot_ws/install/parrot_v1_examples:/home/om/parrot_ws/install/parrot_v1_comms_test:/home/om/ros2_udemy_manipulator_ws/install/arduinobot_py_examples:/home/om/ros2_ws/install/turtlesim_catch_them_all:/home/om/ros2_ws/install/my_py_pkg:/opt/ros/humble /usr/bin/cmake --install /home/om/parrot_ws/src/build/parrot_v1_moveit
[1.191s] -- Install configuration: ""
[1.192s] -- Execute custom install script
[1.192s] -- Symlinking: /home/om/parrot_ws/src/install/parrot_v1_moveit/share/parrot_v1_moveit/launch/moveit.launch.py
[1.204s] -- Symlinking: /home/om/parrot_ws/src/install/parrot_v1_moveit/share/parrot_v1_moveit/config/initial_positions.yaml
[1.215s] -- Symlinking: /home/om/parrot_ws/src/install/parrot_v1_moveit/share/parrot_v1_moveit/config/joint_limits.yaml
[1.225s] -- Symlinking: /home/om/parrot_ws/src/install/parrot_v1_moveit/share/parrot_v1_moveit/config/kinematics.yaml
[1.236s] -- Symlinking: /home/om/parrot_ws/src/install/parrot_v1_moveit/share/parrot_v1_moveit/config/moveit.rviz
[1.247s] -- Symlinking: /home/om/parrot_ws/src/install/parrot_v1_moveit/share/parrot_v1_moveit/config/moveit_controllers.yaml
[1.258s] -- Symlinking: /home/om/parrot_ws/src/install/parrot_v1_moveit/share/parrot_v1_moveit/config/parrot_v1.srdf
[1.270s] -- Symlinking: /home/om/parrot_ws/src/install/parrot_v1_moveit/share/parrot_v1_moveit/config/pilz_cartesian_limits.yaml
[1.281s] -- Symlinking: /home/om/parrot_ws/src/install/parrot_v1_moveit/share/ament_index/resource_index/package_run_dependencies/parrot_v1_moveit
[1.294s] -- Symlinking: /home/om/parrot_ws/src/install/parrot_v1_moveit/share/ament_index/resource_index/parent_prefix_path/parrot_v1_moveit
[1.305s] -- Symlinking: /home/om/parrot_ws/src/install/parrot_v1_moveit/share/parrot_v1_moveit/environment/ament_prefix_path.sh
[1.315s] -- Symlinking: /home/om/parrot_ws/src/install/parrot_v1_moveit/share/parrot_v1_moveit/environment/ament_prefix_path.dsv
[1.326s] -- Symlinking: /home/om/parrot_ws/src/install/parrot_v1_moveit/share/parrot_v1_moveit/environment/path.sh
[1.337s] -- Symlinking: /home/om/parrot_ws/src/install/parrot_v1_moveit/share/parrot_v1_moveit/environment/path.dsv
[1.347s] -- Symlinking: /home/om/parrot_ws/src/install/parrot_v1_moveit/share/parrot_v1_moveit/local_setup.bash
[1.357s] -- Symlinking: /home/om/parrot_ws/src/install/parrot_v1_moveit/share/parrot_v1_moveit/local_setup.sh
[1.366s] -- Symlinking: /home/om/parrot_ws/src/install/parrot_v1_moveit/share/parrot_v1_moveit/local_setup.zsh
[1.377s] -- Symlinking: /home/om/parrot_ws/src/install/parrot_v1_moveit/share/parrot_v1_moveit/local_setup.dsv
[1.388s] -- Symlinking: /home/om/parrot_ws/src/install/parrot_v1_moveit/share/parrot_v1_moveit/package.dsv
[1.398s] -- Symlinking: /home/om/parrot_ws/src/install/parrot_v1_moveit/share/ament_index/resource_index/packages/parrot_v1_moveit
[1.409s] -- Symlinking: /home/om/parrot_ws/src/install/parrot_v1_moveit/share/parrot_v1_moveit/cmake/parrot_v1_moveitConfig.cmake
[1.419s] -- Symlinking: /home/om/parrot_ws/src/install/parrot_v1_moveit/share/parrot_v1_moveit/cmake/parrot_v1_moveitConfig-version.cmake
[1.429s] -- Symlinking: /home/om/parrot_ws/src/install/parrot_v1_moveit/share/parrot_v1_moveit/package.xml
[1.443s] Invoked command in '/home/om/parrot_ws/src/build/parrot_v1_moveit' returned '0': CMAKE_PREFIX_PATH=${CMAKE_PREFIX_PATH}:/home/om/navros_ws/install/serial_motor_demo:/home/om/parrot_ws/install/parrot_v1_examples:/home/om/parrot_ws/install/parrot_v1_comms_test:/home/om/ros2_udemy_manipulator_ws/install/arduinobot_py_examples:/home/om/ros2_ws/install/turtlesim_catch_them_all:/home/om/ros2_ws/install/my_py_pkg:/opt/ros/humble /usr/bin/cmake --install /home/om/parrot_ws/src/build/parrot_v1_moveit
