-- The C compiler identification is GNU 11.4.0
-- The CXX compiler identification is GNU 11.4.0
-- Detecting C compiler ABI info
-- Detecting C compiler ABI info - done
-- Check for working C compiler: /usr/bin/cc - skipped
-- Detecting C compile features
-- Detecting C compile features - done
-- Detecting CXX compiler ABI info
-- Detecting CXX compiler ABI info - done
-- Check for working CXX compiler: /usr/bin/c++ - skipped
-- Detecting CXX compile features
-- Detecting CXX compile features - done
-- Found ament_cmake: 1.3.9 (/opt/ros/humble/share/ament_cmake/cmake)
-- Found Python3: /usr/bin/python3 (found version "3.10.12") found components: Interpreter 
-- Override CMake install command with custom implementation using symlinks instead of copying resources
-- Found rclpy: 3.3.13 (/opt/ros/humble/share/rclpy/cmake)
-- Found parrot_v1_msgs: 0.0.0 (/home/om/parrot_ws/src/install/parrot_v1_msgs/share/parrot_v1_msgs/cmake)
-- Found rosidl_generator_c: 3.1.5 (/opt/ros/humble/share/rosidl_generator_c/cmake)
-- Found rosidl_adapter: 3.1.5 (/opt/ros/humble/share/rosidl_adapter/cmake)
-- Found rosidl_generator_cpp: 3.1.5 (/opt/ros/humble/share/rosidl_generator_cpp/cmake)
-- Using all available rosidl_typesupport_c: rosidl_typesupport_fastrtps_c;rosidl_typesupport_introspection_c
-- Using all available rosidl_typesupport_cpp: rosidl_typesupport_fastrtps_cpp;rosidl_typesupport_introspection_cpp
-- Configuring done
-- Generating done
-- Build files have been written to: /home/om/parrot_ws/src/build/parrot_v1_utils
Built target ament_cmake_python_symlink_parrot_v1_utils
running egg_info
creating parrot_v1_utils.egg-info
writing parrot_v1_utils.egg-info/PKG-INFO
writing dependency_links to parrot_v1_utils.egg-info/dependency_links.txt
writing top-level names to parrot_v1_utils.egg-info/top_level.txt
writing manifest file 'parrot_v1_utils.egg-info/SOURCES.txt'
reading manifest file 'parrot_v1_utils.egg-info/SOURCES.txt'
writing manifest file 'parrot_v1_utils.egg-info/SOURCES.txt'
Built target ament_cmake_python_build_parrot_v1_utils_egg
-- Install configuration: ""
-- Execute custom install script
-- Symlinking: /home/om/parrot_ws/src/install/parrot_v1_utils/share/parrot_v1_utils/environment/pythonpath.sh
-- Symlinking: /home/om/parrot_ws/src/install/parrot_v1_utils/share/parrot_v1_utils/environment/pythonpath.dsv
-- Symlinking: /home/om/parrot_ws/src/install/parrot_v1_utils/local/lib/python3.10/dist-packages/parrot_v1_utils-0.0.0-py3.10.egg-info/PKG-INFO
-- Symlinking: /home/om/parrot_ws/src/install/parrot_v1_utils/local/lib/python3.10/dist-packages/parrot_v1_utils-0.0.0-py3.10.egg-info/SOURCES.txt
-- Symlinking: /home/om/parrot_ws/src/install/parrot_v1_utils/local/lib/python3.10/dist-packages/parrot_v1_utils-0.0.0-py3.10.egg-info/dependency_links.txt
-- Symlinking: /home/om/parrot_ws/src/install/parrot_v1_utils/local/lib/python3.10/dist-packages/parrot_v1_utils-0.0.0-py3.10.egg-info/top_level.txt
-- Symlinking: /home/om/parrot_ws/src/install/parrot_v1_utils/local/lib/python3.10/dist-packages/parrot_v1_utils/angle_conv.py
-- Symlinking: /home/om/parrot_ws/src/install/parrot_v1_utils/local/lib/python3.10/dist-packages/parrot_v1_utils/angle_converter.py
-- Symlinking: /home/om/parrot_ws/src/install/parrot_v1_utils/lib/parrot_v1_utils/angle_converter.py
-- Symlinking: /home/om/parrot_ws/src/install/parrot_v1_utils/share/ament_index/resource_index/package_run_dependencies/parrot_v1_utils
-- Symlinking: /home/om/parrot_ws/src/install/parrot_v1_utils/share/ament_index/resource_index/parent_prefix_path/parrot_v1_utils
-- Symlinking: /home/om/parrot_ws/src/install/parrot_v1_utils/share/parrot_v1_utils/environment/ament_prefix_path.sh
-- Symlinking: /home/om/parrot_ws/src/install/parrot_v1_utils/share/parrot_v1_utils/environment/ament_prefix_path.dsv
-- Symlinking: /home/om/parrot_ws/src/install/parrot_v1_utils/share/parrot_v1_utils/environment/path.sh
-- Symlinking: /home/om/parrot_ws/src/install/parrot_v1_utils/share/parrot_v1_utils/environment/path.dsv
-- Symlinking: /home/om/parrot_ws/src/install/parrot_v1_utils/share/parrot_v1_utils/local_setup.bash
-- Symlinking: /home/om/parrot_ws/src/install/parrot_v1_utils/share/parrot_v1_utils/local_setup.sh
-- Symlinking: /home/om/parrot_ws/src/install/parrot_v1_utils/share/parrot_v1_utils/local_setup.zsh
-- Symlinking: /home/om/parrot_ws/src/install/parrot_v1_utils/share/parrot_v1_utils/local_setup.dsv
-- Symlinking: /home/om/parrot_ws/src/install/parrot_v1_utils/share/parrot_v1_utils/package.dsv
-- Symlinking: /home/om/parrot_ws/src/install/parrot_v1_utils/share/ament_index/resource_index/packages/parrot_v1_utils
-- Symlinking: /home/om/parrot_ws/src/install/parrot_v1_utils/share/parrot_v1_utils/cmake/parrot_v1_utilsConfig.cmake
-- Symlinking: /home/om/parrot_ws/src/install/parrot_v1_utils/share/parrot_v1_utils/cmake/parrot_v1_utilsConfig-version.cmake
-- Symlinking: /home/om/parrot_ws/src/install/parrot_v1_utils/share/parrot_v1_utils/package.xml
Listing '/home/om/parrot_ws/src/install/parrot_v1_utils/local/lib/python3.10/dist-packages/parrot_v1_utils'...
Compiling '/home/om/parrot_ws/src/install/parrot_v1_utils/local/lib/python3.10/dist-packages/parrot_v1_utils/angle_conv.py'...
Compiling '/home/om/parrot_ws/src/install/parrot_v1_utils/local/lib/python3.10/dist-packages/parrot_v1_utils/angle_converter.py'...
