[0.770s] DEBUG:colcon:Command line arguments: ['/usr/bin/colcon', 'build', '--symlink-install']
[0.770s] DEBUG:colcon:Parsed command line arguments: Namespace(log_base=None, log_level=None, verb_name='build', build_base='build', install_base='install', merge_install=False, symlink_install=True, test_result_base=None, continue_on_error=False, executor='parallel', parallel_workers=16, event_handlers=None, ignore_user_meta=False, metas=['./colcon.meta'], base_paths=['.'], packages_ignore=None, packages_ignore_regex=None, paths=None, packages_up_to=None, packages_up_to_regex=None, packages_above=None, packages_above_and_dependencies=None, packages_above_depth=None, packages_select_by_dep=None, packages_skip_by_dep=None, packages_skip_up_to=None, packages_select_build_failed=False, packages_skip_build_finished=False, packages_select_test_failures=False, packages_skip_test_passed=False, packages_select=None, packages_skip=None, packages_select_regex=None, packages_skip_regex=None, packages_start=None, packages_end=None, allow_overriding=[], cmake_args=None, cmake_target=None, cmake_target_skip_unavailable=False, cmake_clean_cache=False, cmake_clean_first=False, cmake_force_configure=False, ament_cmake_args=None, catkin_cmake_args=None, catkin_skip_building_tests=False, verb_parser=<colcon_defaults.argument_parser.defaults.DefaultArgumentsDecorator object at 0x70dd8798dff0>, verb_extension=<colcon_core.verb.build.BuildVerb object at 0x70dd8794cf40>, main=<bound method BuildVerb.main of <colcon_core.verb.build.BuildVerb object at 0x70dd8794cf40>>)
[0.807s] Level 1:colcon.colcon_core.package_discovery:discover_packages(colcon_meta) check parameters
[0.808s] Level 1:colcon.colcon_core.package_discovery:discover_packages(recursive) check parameters
[0.808s] Level 1:colcon.colcon_core.package_discovery:discover_packages(ignore) check parameters
[0.808s] Level 1:colcon.colcon_core.package_discovery:discover_packages(path) check parameters
[0.808s] Level 1:colcon.colcon_core.package_discovery:discover_packages(colcon_meta) discover
[0.808s] Level 1:colcon.colcon_core.package_discovery:discover_packages(recursive) discover
[0.808s] INFO:colcon.colcon_core.package_discovery:Crawling recursively for packages in '/home/om/parrot_ws/src'
[0.808s] Level 1:colcon.colcon_core.package_identification:_identify(.) by extensions ['ignore', 'ignore_ament_install']
[0.808s] Level 1:colcon.colcon_core.package_identification:_identify(.) by extension 'ignore'
[0.808s] Level 1:colcon.colcon_core.package_identification:_identify(.) by extension 'ignore_ament_install'
[0.808s] Level 1:colcon.colcon_core.package_identification:_identify(.) by extensions ['colcon_pkg']
[0.808s] Level 1:colcon.colcon_core.package_identification:_identify(.) by extension 'colcon_pkg'
[0.808s] Level 1:colcon.colcon_core.package_identification:_identify(.) by extensions ['colcon_meta']
[0.808s] Level 1:colcon.colcon_core.package_identification:_identify(.) by extension 'colcon_meta'
[0.808s] Level 1:colcon.colcon_core.package_identification:_identify(.) by extensions ['ros']
[0.808s] Level 1:colcon.colcon_core.package_identification:_identify(.) by extension 'ros'
[0.817s] Level 1:colcon.colcon_core.package_identification:_identify(.) by extensions ['cmake', 'python']
[0.817s] Level 1:colcon.colcon_core.package_identification:_identify(.) by extension 'cmake'
[0.817s] Level 1:colcon.colcon_core.package_identification:_identify(.) by extension 'python'
[0.817s] Level 1:colcon.colcon_core.package_identification:_identify(.) by extensions ['python_setup_py']
[0.817s] Level 1:colcon.colcon_core.package_identification:_identify(.) by extension 'python_setup_py'
[0.817s] Level 1:colcon.colcon_core.package_identification:_identify(build) by extensions ['ignore', 'ignore_ament_install']
[0.817s] Level 1:colcon.colcon_core.package_identification:_identify(build) by extension 'ignore'
[0.817s] Level 1:colcon.colcon_core.package_identification:_identify(build) ignored
[0.817s] Level 1:colcon.colcon_core.package_identification:_identify(install) by extensions ['ignore', 'ignore_ament_install']
[0.817s] Level 1:colcon.colcon_core.package_identification:_identify(install) by extension 'ignore'
[0.817s] Level 1:colcon.colcon_core.package_identification:_identify(install) ignored
[0.817s] Level 1:colcon.colcon_core.package_identification:_identify(log) by extensions ['ignore', 'ignore_ament_install']
[0.818s] Level 1:colcon.colcon_core.package_identification:_identify(log) by extension 'ignore'
[0.818s] Level 1:colcon.colcon_core.package_identification:_identify(log) ignored
[0.818s] Level 1:colcon.colcon_core.package_identification:_identify(parrot_v1_bringup) by extensions ['ignore', 'ignore_ament_install']
[0.818s] Level 1:colcon.colcon_core.package_identification:_identify(parrot_v1_bringup) by extension 'ignore'
[0.818s] Level 1:colcon.colcon_core.package_identification:_identify(parrot_v1_bringup) by extension 'ignore_ament_install'
[0.818s] Level 1:colcon.colcon_core.package_identification:_identify(parrot_v1_bringup) by extensions ['colcon_pkg']
[0.818s] Level 1:colcon.colcon_core.package_identification:_identify(parrot_v1_bringup) by extension 'colcon_pkg'
[0.818s] Level 1:colcon.colcon_core.package_identification:_identify(parrot_v1_bringup) by extensions ['colcon_meta']
[0.818s] Level 1:colcon.colcon_core.package_identification:_identify(parrot_v1_bringup) by extension 'colcon_meta'
[0.818s] Level 1:colcon.colcon_core.package_identification:_identify(parrot_v1_bringup) by extensions ['ros']
[0.818s] Level 1:colcon.colcon_core.package_identification:_identify(parrot_v1_bringup) by extension 'ros'
[0.820s] DEBUG:colcon.colcon_core.package_identification:Package 'parrot_v1_bringup' with type 'ros.ament_cmake' and name 'parrot_v1_bringup'
[0.820s] Level 1:colcon.colcon_core.package_identification:_identify(parrot_v1_description) by extensions ['ignore', 'ignore_ament_install']
[0.820s] Level 1:colcon.colcon_core.package_identification:_identify(parrot_v1_description) by extension 'ignore'
[0.820s] Level 1:colcon.colcon_core.package_identification:_identify(parrot_v1_description) by extension 'ignore_ament_install'
[0.820s] Level 1:colcon.colcon_core.package_identification:_identify(parrot_v1_description) by extensions ['colcon_pkg']
[0.820s] Level 1:colcon.colcon_core.package_identification:_identify(parrot_v1_description) by extension 'colcon_pkg'
[0.820s] Level 1:colcon.colcon_core.package_identification:_identify(parrot_v1_description) by extensions ['colcon_meta']
[0.820s] Level 1:colcon.colcon_core.package_identification:_identify(parrot_v1_description) by extension 'colcon_meta'
[0.820s] Level 1:colcon.colcon_core.package_identification:_identify(parrot_v1_description) by extensions ['ros']
[0.820s] Level 1:colcon.colcon_core.package_identification:_identify(parrot_v1_description) by extension 'ros'
[0.820s] DEBUG:colcon.colcon_core.package_identification:Package 'parrot_v1_description' with type 'ros.ament_cmake' and name 'parrot_v1_description'
[0.820s] Level 1:colcon.colcon_core.package_discovery:discover_packages(recursive) using defaults
[0.820s] Level 1:colcon.colcon_core.package_discovery:discover_packages(ignore) discover
[0.820s] Level 1:colcon.colcon_core.package_discovery:discover_packages(ignore) using defaults
[0.820s] Level 1:colcon.colcon_core.package_discovery:discover_packages(path) discover
[0.820s] Level 1:colcon.colcon_core.package_discovery:discover_packages(path) using defaults
[0.891s] Level 1:colcon.colcon_core.package_discovery:discover_packages(prefix_path) check parameters
[0.891s] Level 1:colcon.colcon_core.package_discovery:discover_packages(prefix_path) discover
[0.914s] DEBUG:colcon.colcon_installed_package_information.package_discovery:Found 2 installed packages in /home/om/parrot_ws/install
[0.925s] DEBUG:colcon.colcon_installed_package_information.package_discovery:Found 5 installed packages in /home/om/ros2_ws/install
[0.935s] DEBUG:colcon.colcon_installed_package_information.package_discovery:Found 3 installed packages in /home/om/ros2_robot/install
[0.947s] DEBUG:colcon.colcon_installed_package_information.package_discovery:Found 328 installed packages in /opt/ros/humble
[0.948s] Level 1:colcon.colcon_core.package_discovery:discover_packages(prefix_path) using defaults
[1.040s] Level 5:colcon.colcon_core.verb:set package 'parrot_v1_bringup' build argument 'cmake_args' from command line to 'None'
[1.040s] Level 5:colcon.colcon_core.verb:set package 'parrot_v1_bringup' build argument 'cmake_target' from command line to 'None'
[1.040s] Level 5:colcon.colcon_core.verb:set package 'parrot_v1_bringup' build argument 'cmake_target_skip_unavailable' from command line to 'False'
[1.040s] Level 5:colcon.colcon_core.verb:set package 'parrot_v1_bringup' build argument 'cmake_clean_cache' from command line to 'False'
[1.040s] Level 5:colcon.colcon_core.verb:set package 'parrot_v1_bringup' build argument 'cmake_clean_first' from command line to 'False'
[1.040s] Level 5:colcon.colcon_core.verb:set package 'parrot_v1_bringup' build argument 'cmake_force_configure' from command line to 'False'
[1.040s] Level 5:colcon.colcon_core.verb:set package 'parrot_v1_bringup' build argument 'ament_cmake_args' from command line to 'None'
[1.040s] Level 5:colcon.colcon_core.verb:set package 'parrot_v1_bringup' build argument 'catkin_cmake_args' from command line to 'None'
[1.040s] Level 5:colcon.colcon_core.verb:set package 'parrot_v1_bringup' build argument 'catkin_skip_building_tests' from command line to 'False'
[1.040s] DEBUG:colcon.colcon_core.verb:Building package 'parrot_v1_bringup' with the following arguments: {'ament_cmake_args': None, 'build_base': '/home/om/parrot_ws/src/build/parrot_v1_bringup', 'catkin_cmake_args': None, 'catkin_skip_building_tests': False, 'cmake_args': None, 'cmake_clean_cache': False, 'cmake_clean_first': False, 'cmake_force_configure': False, 'cmake_target': None, 'cmake_target_skip_unavailable': False, 'install_base': '/home/om/parrot_ws/src/install/parrot_v1_bringup', 'merge_install': False, 'path': '/home/om/parrot_ws/src/parrot_v1_bringup', 'symlink_install': True, 'test_result_base': None}
[1.052s] Level 5:colcon.colcon_core.verb:set package 'parrot_v1_description' build argument 'cmake_args' from command line to 'None'
[1.052s] Level 5:colcon.colcon_core.verb:set package 'parrot_v1_description' build argument 'cmake_target' from command line to 'None'
[1.052s] Level 5:colcon.colcon_core.verb:set package 'parrot_v1_description' build argument 'cmake_target_skip_unavailable' from command line to 'False'
[1.052s] Level 5:colcon.colcon_core.verb:set package 'parrot_v1_description' build argument 'cmake_clean_cache' from command line to 'False'
[1.052s] Level 5:colcon.colcon_core.verb:set package 'parrot_v1_description' build argument 'cmake_clean_first' from command line to 'False'
[1.052s] Level 5:colcon.colcon_core.verb:set package 'parrot_v1_description' build argument 'cmake_force_configure' from command line to 'False'
[1.052s] Level 5:colcon.colcon_core.verb:set package 'parrot_v1_description' build argument 'ament_cmake_args' from command line to 'None'
[1.052s] Level 5:colcon.colcon_core.verb:set package 'parrot_v1_description' build argument 'catkin_cmake_args' from command line to 'None'
[1.052s] Level 5:colcon.colcon_core.verb:set package 'parrot_v1_description' build argument 'catkin_skip_building_tests' from command line to 'False'
[1.052s] DEBUG:colcon.colcon_core.verb:Building package 'parrot_v1_description' with the following arguments: {'ament_cmake_args': None, 'build_base': '/home/om/parrot_ws/src/build/parrot_v1_description', 'catkin_cmake_args': None, 'catkin_skip_building_tests': False, 'cmake_args': None, 'cmake_clean_cache': False, 'cmake_clean_first': False, 'cmake_force_configure': False, 'cmake_target': None, 'cmake_target_skip_unavailable': False, 'install_base': '/home/om/parrot_ws/src/install/parrot_v1_description', 'merge_install': False, 'path': '/home/om/parrot_ws/src/parrot_v1_description', 'symlink_install': True, 'test_result_base': None}
[1.062s] INFO:colcon.colcon_core.executor:Executing jobs using 'parallel' executor
[1.074s] DEBUG:colcon.colcon_parallel_executor.executor.parallel:run_until_complete
[1.074s] INFO:colcon.colcon_ros.task.ament_cmake.build:Building ROS package in '/home/om/parrot_ws/src/parrot_v1_bringup' with build type 'ament_cmake'
[1.074s] INFO:colcon.colcon_cmake.task.cmake.build:Building CMake package in '/home/om/parrot_ws/src/parrot_v1_bringup'
[1.089s] INFO:colcon.colcon_core.plugin_system:Skipping extension 'colcon_core.shell.bat': Not used on non-Windows systems
[1.089s] INFO:colcon.colcon_core.shell:Skip shell extension 'powershell' for command environment: Not usable outside of PowerShell
[1.089s] DEBUG:colcon.colcon_core.shell:Skip shell extension 'dsv' for command environment
[1.146s] INFO:colcon.colcon_ros.task.ament_cmake.build:Building ROS package in '/home/om/parrot_ws/src/parrot_v1_description' with build type 'ament_cmake'
[1.146s] INFO:colcon.colcon_cmake.task.cmake.build:Building CMake package in '/home/om/parrot_ws/src/parrot_v1_description'
[1.157s] INFO:colcon.colcon_core.shell:Skip shell extension 'powershell' for command environment: Not usable outside of PowerShell
[1.157s] DEBUG:colcon.colcon_core.shell:Skip shell extension 'dsv' for command environment
[1.218s] DEBUG:colcon.colcon_core.event_handler.log_command:Invoking command in '/home/om/parrot_ws/src/build/parrot_v1_bringup': CMAKE_PREFIX_PATH=${CMAKE_PREFIX_PATH}:/home/om/ros2_ws/install/turtlesim_catch_them_all:/home/om/ros2_ws/install/my_py_pkg:/opt/ros/humble /usr/bin/cmake /home/om/parrot_ws/src/parrot_v1_bringup -DAMENT_CMAKE_SYMLINK_INSTALL=1 -DCMAKE_INSTALL_PREFIX=/home/om/parrot_ws/src/install/parrot_v1_bringup
[1.222s] DEBUG:colcon.colcon_core.event_handler.log_command:Invoking command in '/home/om/parrot_ws/src/build/parrot_v1_description': CMAKE_PREFIX_PATH=${CMAKE_PREFIX_PATH}:/home/om/ros2_ws/install/turtlesim_catch_them_all:/home/om/ros2_ws/install/my_py_pkg:/opt/ros/humble /usr/bin/cmake --build /home/om/parrot_ws/src/build/parrot_v1_description -- -j16 -l16
[1.476s] DEBUG:colcon.colcon_core.event_handler.log_command:Invoked command in '/home/om/parrot_ws/src/build/parrot_v1_description' returned '0': CMAKE_PREFIX_PATH=${CMAKE_PREFIX_PATH}:/home/om/ros2_ws/install/turtlesim_catch_them_all:/home/om/ros2_ws/install/my_py_pkg:/opt/ros/humble /usr/bin/cmake --build /home/om/parrot_ws/src/build/parrot_v1_description -- -j16 -l16
[1.514s] DEBUG:colcon.colcon_core.event_handler.log_command:Invoking command in '/home/om/parrot_ws/src/build/parrot_v1_description': CMAKE_PREFIX_PATH=${CMAKE_PREFIX_PATH}:/home/om/ros2_ws/install/turtlesim_catch_them_all:/home/om/ros2_ws/install/my_py_pkg:/opt/ros/humble /usr/bin/cmake --install /home/om/parrot_ws/src/build/parrot_v1_description
[1.604s] Level 1:colcon.colcon_core.environment:create_environment_scripts_only(parrot_v1_description)
[1.605s] DEBUG:colcon.colcon_core.event_handler.log_command:Invoked command in '/home/om/parrot_ws/src/build/parrot_v1_description' returned '0': CMAKE_PREFIX_PATH=${CMAKE_PREFIX_PATH}:/home/om/ros2_ws/install/turtlesim_catch_them_all:/home/om/ros2_ws/install/my_py_pkg:/opt/ros/humble /usr/bin/cmake --install /home/om/parrot_ws/src/build/parrot_v1_description
[1.619s] Level 1:colcon.colcon_core.environment:checking '/home/om/parrot_ws/src/install/parrot_v1_description' for CMake module files
[1.620s] Level 1:colcon.colcon_core.environment:checking '/home/om/parrot_ws/src/install/parrot_v1_description' for CMake config files
[1.620s] Level 1:colcon.colcon_core.shell:create_environment_hook('parrot_v1_description', 'cmake_prefix_path')
[1.631s] INFO:colcon.colcon_core.shell:Creating environment hook '/home/om/parrot_ws/src/install/parrot_v1_description/share/parrot_v1_description/hook/cmake_prefix_path.ps1'
[1.632s] INFO:colcon.colcon_core.shell:Creating environment descriptor '/home/om/parrot_ws/src/install/parrot_v1_description/share/parrot_v1_description/hook/cmake_prefix_path.dsv'
[1.632s] INFO:colcon.colcon_core.shell:Creating environment hook '/home/om/parrot_ws/src/install/parrot_v1_description/share/parrot_v1_description/hook/cmake_prefix_path.sh'
[1.633s] Level 1:colcon.colcon_core.environment:checking '/home/om/parrot_ws/src/install/parrot_v1_description/bin'
[1.633s] Level 1:colcon.colcon_core.environment:checking '/home/om/parrot_ws/src/install/parrot_v1_description/lib/pkgconfig/parrot_v1_description.pc'
[1.633s] Level 1:colcon.colcon_core.environment:checking '/home/om/parrot_ws/src/install/parrot_v1_description/lib/python3.10/site-packages'
[1.633s] Level 1:colcon.colcon_core.environment:checking '/home/om/parrot_ws/src/install/parrot_v1_description/bin'
[1.645s] INFO:colcon.colcon_core.shell:Creating package script '/home/om/parrot_ws/src/install/parrot_v1_description/share/parrot_v1_description/package.ps1'
[1.645s] INFO:colcon.colcon_core.shell:Creating package descriptor '/home/om/parrot_ws/src/install/parrot_v1_description/share/parrot_v1_description/package.dsv'
[1.646s] INFO:colcon.colcon_core.shell:Creating package script '/home/om/parrot_ws/src/install/parrot_v1_description/share/parrot_v1_description/package.sh'
[1.646s] INFO:colcon.colcon_core.shell:Creating package script '/home/om/parrot_ws/src/install/parrot_v1_description/share/parrot_v1_description/package.bash'
[1.647s] INFO:colcon.colcon_core.shell:Creating package script '/home/om/parrot_ws/src/install/parrot_v1_description/share/parrot_v1_description/package.zsh'
[1.648s] Level 1:colcon.colcon_core.environment:create_file_with_runtime_dependencies(/home/om/parrot_ws/src/install/parrot_v1_description/share/colcon-core/packages/parrot_v1_description)
[1.684s] Level 1:colcon.colcon_core.environment:create_environment_scripts_only(parrot_v1_description)
[1.695s] Level 1:colcon.colcon_core.environment:checking '/home/om/parrot_ws/src/install/parrot_v1_description' for CMake module files
[1.695s] Level 1:colcon.colcon_core.environment:checking '/home/om/parrot_ws/src/install/parrot_v1_description' for CMake config files
[1.696s] Level 1:colcon.colcon_core.shell:create_environment_hook('parrot_v1_description', 'cmake_prefix_path')
[1.707s] INFO:colcon.colcon_core.shell:Creating environment hook '/home/om/parrot_ws/src/install/parrot_v1_description/share/parrot_v1_description/hook/cmake_prefix_path.ps1'
[1.708s] INFO:colcon.colcon_core.shell:Creating environment descriptor '/home/om/parrot_ws/src/install/parrot_v1_description/share/parrot_v1_description/hook/cmake_prefix_path.dsv'
[1.708s] INFO:colcon.colcon_core.shell:Creating environment hook '/home/om/parrot_ws/src/install/parrot_v1_description/share/parrot_v1_description/hook/cmake_prefix_path.sh'
[1.709s] Level 1:colcon.colcon_core.environment:checking '/home/om/parrot_ws/src/install/parrot_v1_description/bin'
[1.709s] Level 1:colcon.colcon_core.environment:checking '/home/om/parrot_ws/src/install/parrot_v1_description/lib/pkgconfig/parrot_v1_description.pc'
[1.709s] Level 1:colcon.colcon_core.environment:checking '/home/om/parrot_ws/src/install/parrot_v1_description/lib/python3.10/site-packages'
[1.709s] Level 1:colcon.colcon_core.environment:checking '/home/om/parrot_ws/src/install/parrot_v1_description/bin'
[1.721s] INFO:colcon.colcon_core.shell:Creating package script '/home/om/parrot_ws/src/install/parrot_v1_description/share/parrot_v1_description/package.ps1'
[1.721s] INFO:colcon.colcon_core.shell:Creating package descriptor '/home/om/parrot_ws/src/install/parrot_v1_description/share/parrot_v1_description/package.dsv'
[1.721s] INFO:colcon.colcon_core.shell:Creating package script '/home/om/parrot_ws/src/install/parrot_v1_description/share/parrot_v1_description/package.sh'
[1.722s] INFO:colcon.colcon_core.shell:Creating package script '/home/om/parrot_ws/src/install/parrot_v1_description/share/parrot_v1_description/package.bash'
[1.722s] INFO:colcon.colcon_core.shell:Creating package script '/home/om/parrot_ws/src/install/parrot_v1_description/share/parrot_v1_description/package.zsh'
[1.722s] Level 1:colcon.colcon_core.environment:create_file_with_runtime_dependencies(/home/om/parrot_ws/src/install/parrot_v1_description/share/colcon-core/packages/parrot_v1_description)
[1.854s] DEBUG:colcon.colcon_core.event_handler.log_command:Invoked command in '/home/om/parrot_ws/src/build/parrot_v1_bringup' returned '0': CMAKE_PREFIX_PATH=${CMAKE_PREFIX_PATH}:/home/om/ros2_ws/install/turtlesim_catch_them_all:/home/om/ros2_ws/install/my_py_pkg:/opt/ros/humble /usr/bin/cmake /home/om/parrot_ws/src/parrot_v1_bringup -DAMENT_CMAKE_SYMLINK_INSTALL=1 -DCMAKE_INSTALL_PREFIX=/home/om/parrot_ws/src/install/parrot_v1_bringup
[1.856s] DEBUG:colcon.colcon_core.event_handler.log_command:Invoking command in '/home/om/parrot_ws/src/build/parrot_v1_bringup': CMAKE_PREFIX_PATH=${CMAKE_PREFIX_PATH}:/home/om/ros2_ws/install/turtlesim_catch_them_all:/home/om/ros2_ws/install/my_py_pkg:/opt/ros/humble /usr/bin/cmake --build /home/om/parrot_ws/src/build/parrot_v1_bringup -- -j16 -l16
[1.895s] DEBUG:colcon.colcon_core.event_handler.log_command:Invoked command in '/home/om/parrot_ws/src/build/parrot_v1_bringup' returned '0': CMAKE_PREFIX_PATH=${CMAKE_PREFIX_PATH}:/home/om/ros2_ws/install/turtlesim_catch_them_all:/home/om/ros2_ws/install/my_py_pkg:/opt/ros/humble /usr/bin/cmake --build /home/om/parrot_ws/src/build/parrot_v1_bringup -- -j16 -l16
[1.922s] DEBUG:colcon.colcon_core.event_handler.log_command:Invoking command in '/home/om/parrot_ws/src/build/parrot_v1_bringup': CMAKE_PREFIX_PATH=${CMAKE_PREFIX_PATH}:/home/om/ros2_ws/install/turtlesim_catch_them_all:/home/om/ros2_ws/install/my_py_pkg:/opt/ros/humble /usr/bin/cmake --install /home/om/parrot_ws/src/build/parrot_v1_bringup
[2.069s] Level 1:colcon.colcon_core.environment:create_environment_scripts_only(parrot_v1_bringup)
[2.070s] DEBUG:colcon.colcon_core.event_handler.log_command:Invoked command in '/home/om/parrot_ws/src/build/parrot_v1_bringup' returned '0': CMAKE_PREFIX_PATH=${CMAKE_PREFIX_PATH}:/home/om/ros2_ws/install/turtlesim_catch_them_all:/home/om/ros2_ws/install/my_py_pkg:/opt/ros/humble /usr/bin/cmake --install /home/om/parrot_ws/src/build/parrot_v1_bringup
[2.081s] Level 1:colcon.colcon_core.environment:checking '/home/om/parrot_ws/src/install/parrot_v1_bringup' for CMake module files
[2.082s] Level 1:colcon.colcon_core.environment:checking '/home/om/parrot_ws/src/install/parrot_v1_bringup' for CMake config files
[2.082s] Level 1:colcon.colcon_core.shell:create_environment_hook('parrot_v1_bringup', 'cmake_prefix_path')
[2.092s] INFO:colcon.colcon_core.shell:Creating environment hook '/home/om/parrot_ws/src/install/parrot_v1_bringup/share/parrot_v1_bringup/hook/cmake_prefix_path.ps1'
[2.093s] INFO:colcon.colcon_core.shell:Creating environment descriptor '/home/om/parrot_ws/src/install/parrot_v1_bringup/share/parrot_v1_bringup/hook/cmake_prefix_path.dsv'
[2.093s] INFO:colcon.colcon_core.shell:Creating environment hook '/home/om/parrot_ws/src/install/parrot_v1_bringup/share/parrot_v1_bringup/hook/cmake_prefix_path.sh'
[2.094s] Level 1:colcon.colcon_core.environment:checking '/home/om/parrot_ws/src/install/parrot_v1_bringup/bin'
[2.094s] Level 1:colcon.colcon_core.environment:checking '/home/om/parrot_ws/src/install/parrot_v1_bringup/lib/pkgconfig/parrot_v1_bringup.pc'
[2.094s] Level 1:colcon.colcon_core.environment:checking '/home/om/parrot_ws/src/install/parrot_v1_bringup/lib/python3.10/site-packages'
[2.094s] Level 1:colcon.colcon_core.environment:checking '/home/om/parrot_ws/src/install/parrot_v1_bringup/bin'
[2.105s] INFO:colcon.colcon_core.shell:Creating package script '/home/om/parrot_ws/src/install/parrot_v1_bringup/share/parrot_v1_bringup/package.ps1'
[2.105s] INFO:colcon.colcon_core.shell:Creating package descriptor '/home/om/parrot_ws/src/install/parrot_v1_bringup/share/parrot_v1_bringup/package.dsv'
[2.105s] INFO:colcon.colcon_core.shell:Creating package script '/home/om/parrot_ws/src/install/parrot_v1_bringup/share/parrot_v1_bringup/package.sh'
[2.106s] INFO:colcon.colcon_core.shell:Creating package script '/home/om/parrot_ws/src/install/parrot_v1_bringup/share/parrot_v1_bringup/package.bash'
[2.106s] INFO:colcon.colcon_core.shell:Creating package script '/home/om/parrot_ws/src/install/parrot_v1_bringup/share/parrot_v1_bringup/package.zsh'
[2.106s] Level 1:colcon.colcon_core.environment:create_file_with_runtime_dependencies(/home/om/parrot_ws/src/install/parrot_v1_bringup/share/colcon-core/packages/parrot_v1_bringup)
[2.143s] Level 1:colcon.colcon_core.environment:create_environment_scripts_only(parrot_v1_bringup)
[2.154s] Level 1:colcon.colcon_core.environment:checking '/home/om/parrot_ws/src/install/parrot_v1_bringup' for CMake module files
[2.154s] Level 1:colcon.colcon_core.environment:checking '/home/om/parrot_ws/src/install/parrot_v1_bringup' for CMake config files
[2.154s] Level 1:colcon.colcon_core.shell:create_environment_hook('parrot_v1_bringup', 'cmake_prefix_path')
[2.165s] INFO:colcon.colcon_core.shell:Creating environment hook '/home/om/parrot_ws/src/install/parrot_v1_bringup/share/parrot_v1_bringup/hook/cmake_prefix_path.ps1'
[2.165s] INFO:colcon.colcon_core.shell:Creating environment descriptor '/home/om/parrot_ws/src/install/parrot_v1_bringup/share/parrot_v1_bringup/hook/cmake_prefix_path.dsv'
[2.165s] INFO:colcon.colcon_core.shell:Creating environment hook '/home/om/parrot_ws/src/install/parrot_v1_bringup/share/parrot_v1_bringup/hook/cmake_prefix_path.sh'
[2.166s] Level 1:colcon.colcon_core.environment:checking '/home/om/parrot_ws/src/install/parrot_v1_bringup/bin'
[2.166s] Level 1:colcon.colcon_core.environment:checking '/home/om/parrot_ws/src/install/parrot_v1_bringup/lib/pkgconfig/parrot_v1_bringup.pc'
[2.166s] Level 1:colcon.colcon_core.environment:checking '/home/om/parrot_ws/src/install/parrot_v1_bringup/lib/python3.10/site-packages'
[2.166s] Level 1:colcon.colcon_core.environment:checking '/home/om/parrot_ws/src/install/parrot_v1_bringup/bin'
[2.177s] INFO:colcon.colcon_core.shell:Creating package script '/home/om/parrot_ws/src/install/parrot_v1_bringup/share/parrot_v1_bringup/package.ps1'
[2.177s] INFO:colcon.colcon_core.shell:Creating package descriptor '/home/om/parrot_ws/src/install/parrot_v1_bringup/share/parrot_v1_bringup/package.dsv'
[2.178s] INFO:colcon.colcon_core.shell:Creating package script '/home/om/parrot_ws/src/install/parrot_v1_bringup/share/parrot_v1_bringup/package.sh'
[2.178s] INFO:colcon.colcon_core.shell:Creating package script '/home/om/parrot_ws/src/install/parrot_v1_bringup/share/parrot_v1_bringup/package.bash'
[2.178s] INFO:colcon.colcon_core.shell:Creating package script '/home/om/parrot_ws/src/install/parrot_v1_bringup/share/parrot_v1_bringup/package.zsh'
[2.179s] Level 1:colcon.colcon_core.environment:create_file_with_runtime_dependencies(/home/om/parrot_ws/src/install/parrot_v1_bringup/share/colcon-core/packages/parrot_v1_bringup)
[2.179s] DEBUG:colcon.colcon_parallel_executor.executor.parallel:closing loop
[2.179s] DEBUG:colcon.colcon_parallel_executor.executor.parallel:loop closed
[2.179s] DEBUG:colcon.colcon_parallel_executor.executor.parallel:run_until_complete finished with '0'
[2.179s] DEBUG:colcon.colcon_core.event_reactor:joining thread
[2.195s] INFO:colcon.colcon_core.plugin_system:Skipping extension 'colcon_notification.desktop_notification.terminal_notifier': Not used on non-Darwin systems
[2.195s] INFO:colcon.colcon_core.plugin_system:Skipping extension 'colcon_notification.desktop_notification.win32': Not used on non-Windows systems
[2.195s] INFO:colcon.colcon_notification.desktop_notification:Sending desktop notification using 'notify2'
[2.208s] DEBUG:colcon.colcon_core.event_reactor:joined thread
[2.220s] INFO:colcon.colcon_core.shell:Creating prefix script '/home/om/parrot_ws/src/install/local_setup.ps1'
[2.221s] INFO:colcon.colcon_core.shell:Creating prefix util module '/home/om/parrot_ws/src/install/_local_setup_util_ps1.py'
[2.222s] INFO:colcon.colcon_core.shell:Creating prefix chain script '/home/om/parrot_ws/src/install/setup.ps1'
[2.235s] INFO:colcon.colcon_core.shell:Creating prefix script '/home/om/parrot_ws/src/install/local_setup.sh'
[2.236s] INFO:colcon.colcon_core.shell:Creating prefix util module '/home/om/parrot_ws/src/install/_local_setup_util_sh.py'
[2.236s] INFO:colcon.colcon_core.shell:Creating prefix chain script '/home/om/parrot_ws/src/install/setup.sh'
[2.250s] INFO:colcon.colcon_core.shell:Creating prefix script '/home/om/parrot_ws/src/install/local_setup.bash'
[2.250s] INFO:colcon.colcon_core.shell:Creating prefix chain script '/home/om/parrot_ws/src/install/setup.bash'
[2.263s] INFO:colcon.colcon_core.shell:Creating prefix script '/home/om/parrot_ws/src/install/local_setup.zsh'
[2.263s] INFO:colcon.colcon_core.shell:Creating prefix chain script '/home/om/parrot_ws/src/install/setup.zsh'
