[0.732s] DEBUG:colcon:Command line arguments: ['/usr/bin/colcon', 'build']
[0.732s] DEBUG:colcon:Parsed command line arguments: Namespace(log_base=None, log_level=None, verb_name='build', build_base='build', install_base='install', merge_install=False, symlink_install=False, test_result_base=None, continue_on_error=False, executor='parallel', parallel_workers=16, event_handlers=None, ignore_user_meta=False, metas=['./colcon.meta'], base_paths=['.'], packages_ignore=None, packages_ignore_regex=None, paths=None, packages_up_to=None, packages_up_to_regex=None, packages_above=None, packages_above_and_dependencies=None, packages_above_depth=None, packages_select_by_dep=None, packages_skip_by_dep=None, packages_skip_up_to=None, packages_select_build_failed=False, packages_skip_build_finished=False, packages_select_test_failures=False, packages_skip_test_passed=False, packages_select=None, packages_skip=None, packages_select_regex=None, packages_skip_regex=None, packages_start=None, packages_end=None, allow_overriding=[], cmake_args=None, cmake_target=None, cmake_target_skip_unavailable=False, cmake_clean_cache=False, cmake_clean_first=False, cmake_force_configure=False, ament_cmake_args=None, catkin_cmake_args=None, catkin_skip_building_tests=False, verb_parser=<colcon_defaults.argument_parser.defaults.DefaultArgumentsDecorator object at 0x7916e296cd30>, verb_extension=<colcon_core.verb.build.BuildVerb object at 0x7916e291bfd0>, main=<bound method BuildVerb.main of <colcon_core.verb.build.BuildVerb object at 0x7916e291bfd0>>)
[0.767s] Level 1:colcon.colcon_core.package_discovery:discover_packages(colcon_meta) check parameters
[0.767s] Level 1:colcon.colcon_core.package_discovery:discover_packages(recursive) check parameters
[0.767s] Level 1:colcon.colcon_core.package_discovery:discover_packages(ignore) check parameters
[0.767s] Level 1:colcon.colcon_core.package_discovery:discover_packages(path) check parameters
[0.767s] Level 1:colcon.colcon_core.package_discovery:discover_packages(colcon_meta) discover
[0.767s] Level 1:colcon.colcon_core.package_discovery:discover_packages(recursive) discover
[0.767s] INFO:colcon.colcon_core.package_discovery:Crawling recursively for packages in '/home/om/parrot_ws/src'
[0.767s] Level 1:colcon.colcon_core.package_identification:_identify(.) by extensions ['ignore', 'ignore_ament_install']
[0.767s] Level 1:colcon.colcon_core.package_identification:_identify(.) by extension 'ignore'
[0.767s] Level 1:colcon.colcon_core.package_identification:_identify(.) by extension 'ignore_ament_install'
[0.767s] Level 1:colcon.colcon_core.package_identification:_identify(.) by extensions ['colcon_pkg']
[0.767s] Level 1:colcon.colcon_core.package_identification:_identify(.) by extension 'colcon_pkg'
[0.767s] Level 1:colcon.colcon_core.package_identification:_identify(.) by extensions ['colcon_meta']
[0.767s] Level 1:colcon.colcon_core.package_identification:_identify(.) by extension 'colcon_meta'
[0.767s] Level 1:colcon.colcon_core.package_identification:_identify(.) by extensions ['ros']
[0.767s] Level 1:colcon.colcon_core.package_identification:_identify(.) by extension 'ros'
[0.775s] Level 1:colcon.colcon_core.package_identification:_identify(.) by extensions ['cmake', 'python']
[0.775s] Level 1:colcon.colcon_core.package_identification:_identify(.) by extension 'cmake'
[0.775s] Level 1:colcon.colcon_core.package_identification:_identify(.) by extension 'python'
[0.775s] Level 1:colcon.colcon_core.package_identification:_identify(.) by extensions ['python_setup_py']
[0.775s] Level 1:colcon.colcon_core.package_identification:_identify(.) by extension 'python_setup_py'
[0.775s] Level 1:colcon.colcon_core.package_identification:_identify(build) by extensions ['ignore', 'ignore_ament_install']
[0.775s] Level 1:colcon.colcon_core.package_identification:_identify(build) by extension 'ignore'
[0.775s] Level 1:colcon.colcon_core.package_identification:_identify(build) ignored
[0.776s] Level 1:colcon.colcon_core.package_identification:_identify(install) by extensions ['ignore', 'ignore_ament_install']
[0.776s] Level 1:colcon.colcon_core.package_identification:_identify(install) by extension 'ignore'
[0.776s] Level 1:colcon.colcon_core.package_identification:_identify(install) ignored
[0.776s] Level 1:colcon.colcon_core.package_identification:_identify(log) by extensions ['ignore', 'ignore_ament_install']
[0.776s] Level 1:colcon.colcon_core.package_identification:_identify(log) by extension 'ignore'
[0.776s] Level 1:colcon.colcon_core.package_identification:_identify(log) ignored
[0.776s] Level 1:colcon.colcon_core.package_identification:_identify(parrot_v1_description) by extensions ['ignore', 'ignore_ament_install']
[0.776s] Level 1:colcon.colcon_core.package_identification:_identify(parrot_v1_description) by extension 'ignore'
[0.776s] Level 1:colcon.colcon_core.package_identification:_identify(parrot_v1_description) by extension 'ignore_ament_install'
[0.776s] Level 1:colcon.colcon_core.package_identification:_identify(parrot_v1_description) by extensions ['colcon_pkg']
[0.776s] Level 1:colcon.colcon_core.package_identification:_identify(parrot_v1_description) by extension 'colcon_pkg'
[0.776s] Level 1:colcon.colcon_core.package_identification:_identify(parrot_v1_description) by extensions ['colcon_meta']
[0.776s] Level 1:colcon.colcon_core.package_identification:_identify(parrot_v1_description) by extension 'colcon_meta'
[0.776s] Level 1:colcon.colcon_core.package_identification:_identify(parrot_v1_description) by extensions ['ros']
[0.776s] Level 1:colcon.colcon_core.package_identification:_identify(parrot_v1_description) by extension 'ros'
[0.778s] DEBUG:colcon.colcon_core.package_identification:Package 'parrot_v1_description' with type 'ros.ament_cmake' and name 'parrot_v1_description'
[0.778s] Level 1:colcon.colcon_core.package_discovery:discover_packages(recursive) using defaults
[0.778s] Level 1:colcon.colcon_core.package_discovery:discover_packages(ignore) discover
[0.778s] Level 1:colcon.colcon_core.package_discovery:discover_packages(ignore) using defaults
[0.778s] Level 1:colcon.colcon_core.package_discovery:discover_packages(path) discover
[0.778s] Level 1:colcon.colcon_core.package_discovery:discover_packages(path) using defaults
[0.844s] Level 1:colcon.colcon_core.package_discovery:discover_packages(prefix_path) check parameters
[0.844s] Level 1:colcon.colcon_core.package_discovery:discover_packages(prefix_path) discover
[0.866s] DEBUG:colcon.colcon_installed_package_information.package_discovery:Found 1 installed packages in /home/om/parrot_ws/install
[0.877s] DEBUG:colcon.colcon_installed_package_information.package_discovery:Found 5 installed packages in /home/om/ros2_ws/install
[0.888s] DEBUG:colcon.colcon_installed_package_information.package_discovery:Found 3 installed packages in /home/om/ros2_robot/install
[0.900s] DEBUG:colcon.colcon_installed_package_information.package_discovery:Found 328 installed packages in /opt/ros/humble
[0.900s] Level 1:colcon.colcon_core.package_discovery:discover_packages(prefix_path) using defaults
[0.971s] Level 5:colcon.colcon_core.verb:set package 'parrot_v1_description' build argument 'cmake_args' from command line to 'None'
[0.971s] Level 5:colcon.colcon_core.verb:set package 'parrot_v1_description' build argument 'cmake_target' from command line to 'None'
[0.971s] Level 5:colcon.colcon_core.verb:set package 'parrot_v1_description' build argument 'cmake_target_skip_unavailable' from command line to 'False'
[0.971s] Level 5:colcon.colcon_core.verb:set package 'parrot_v1_description' build argument 'cmake_clean_cache' from command line to 'False'
[0.971s] Level 5:colcon.colcon_core.verb:set package 'parrot_v1_description' build argument 'cmake_clean_first' from command line to 'False'
[0.971s] Level 5:colcon.colcon_core.verb:set package 'parrot_v1_description' build argument 'cmake_force_configure' from command line to 'False'
[0.971s] Level 5:colcon.colcon_core.verb:set package 'parrot_v1_description' build argument 'ament_cmake_args' from command line to 'None'
[0.971s] Level 5:colcon.colcon_core.verb:set package 'parrot_v1_description' build argument 'catkin_cmake_args' from command line to 'None'
[0.971s] Level 5:colcon.colcon_core.verb:set package 'parrot_v1_description' build argument 'catkin_skip_building_tests' from command line to 'False'
[0.971s] DEBUG:colcon.colcon_core.verb:Building package 'parrot_v1_description' with the following arguments: {'ament_cmake_args': None, 'build_base': '/home/om/parrot_ws/src/build/parrot_v1_description', 'catkin_cmake_args': None, 'catkin_skip_building_tests': False, 'cmake_args': None, 'cmake_clean_cache': False, 'cmake_clean_first': False, 'cmake_force_configure': False, 'cmake_target': None, 'cmake_target_skip_unavailable': False, 'install_base': '/home/om/parrot_ws/src/install/parrot_v1_description', 'merge_install': False, 'path': '/home/om/parrot_ws/src/parrot_v1_description', 'symlink_install': False, 'test_result_base': None}
[0.982s] INFO:colcon.colcon_core.executor:Executing jobs using 'parallel' executor
[0.993s] DEBUG:colcon.colcon_parallel_executor.executor.parallel:run_until_complete
[0.993s] INFO:colcon.colcon_ros.task.ament_cmake.build:Building ROS package in '/home/om/parrot_ws/src/parrot_v1_description' with build type 'ament_cmake'
[0.993s] INFO:colcon.colcon_cmake.task.cmake.build:Building CMake package in '/home/om/parrot_ws/src/parrot_v1_description'
[1.013s] INFO:colcon.colcon_core.plugin_system:Skipping extension 'colcon_core.shell.bat': Not used on non-Windows systems
[1.013s] INFO:colcon.colcon_core.shell:Skip shell extension 'powershell' for command environment: Not usable outside of PowerShell
[1.013s] DEBUG:colcon.colcon_core.shell:Skip shell extension 'dsv' for command environment
[1.073s] DEBUG:colcon.colcon_core.event_handler.log_command:Invoking command in '/home/om/parrot_ws/src/build/parrot_v1_description': CMAKE_PREFIX_PATH=${CMAKE_PREFIX_PATH}:/home/om/ros2_ws/install/turtlesim_catch_them_all:/home/om/ros2_ws/install/my_py_pkg:/opt/ros/humble /usr/bin/cmake /home/om/parrot_ws/src/parrot_v1_description -DCMAKE_INSTALL_PREFIX=/home/om/parrot_ws/src/install/parrot_v1_description
[1.254s] DEBUG:colcon.colcon_core.event_handler.log_command:Invoked command in '/home/om/parrot_ws/src/build/parrot_v1_description' returned '0': CMAKE_PREFIX_PATH=${CMAKE_PREFIX_PATH}:/home/om/ros2_ws/install/turtlesim_catch_them_all:/home/om/ros2_ws/install/my_py_pkg:/opt/ros/humble /usr/bin/cmake /home/om/parrot_ws/src/parrot_v1_description -DCMAKE_INSTALL_PREFIX=/home/om/parrot_ws/src/install/parrot_v1_description
[1.256s] DEBUG:colcon.colcon_core.event_handler.log_command:Invoking command in '/home/om/parrot_ws/src/build/parrot_v1_description': CMAKE_PREFIX_PATH=${CMAKE_PREFIX_PATH}:/home/om/ros2_ws/install/turtlesim_catch_them_all:/home/om/ros2_ws/install/my_py_pkg:/opt/ros/humble /usr/bin/cmake --build /home/om/parrot_ws/src/build/parrot_v1_description -- -j16 -l16
[1.288s] DEBUG:colcon.colcon_core.event_handler.log_command:Invoked command in '/home/om/parrot_ws/src/build/parrot_v1_description' returned '0': CMAKE_PREFIX_PATH=${CMAKE_PREFIX_PATH}:/home/om/ros2_ws/install/turtlesim_catch_them_all:/home/om/ros2_ws/install/my_py_pkg:/opt/ros/humble /usr/bin/cmake --build /home/om/parrot_ws/src/build/parrot_v1_description -- -j16 -l16
[1.319s] DEBUG:colcon.colcon_core.event_handler.log_command:Invoking command in '/home/om/parrot_ws/src/build/parrot_v1_description': CMAKE_PREFIX_PATH=${CMAKE_PREFIX_PATH}:/home/om/ros2_ws/install/turtlesim_catch_them_all:/home/om/ros2_ws/install/my_py_pkg:/opt/ros/humble /usr/bin/cmake --install /home/om/parrot_ws/src/build/parrot_v1_description
[1.341s] Level 1:colcon.colcon_core.environment:create_environment_scripts_only(parrot_v1_description)
[1.341s] DEBUG:colcon.colcon_core.event_handler.log_command:Invoked command in '/home/om/parrot_ws/src/build/parrot_v1_description' returned '0': CMAKE_PREFIX_PATH=${CMAKE_PREFIX_PATH}:/home/om/ros2_ws/install/turtlesim_catch_them_all:/home/om/ros2_ws/install/my_py_pkg:/opt/ros/humble /usr/bin/cmake --install /home/om/parrot_ws/src/build/parrot_v1_description
[1.359s] Level 1:colcon.colcon_core.environment:checking '/home/om/parrot_ws/src/install/parrot_v1_description' for CMake module files
[1.359s] Level 1:colcon.colcon_core.environment:checking '/home/om/parrot_ws/src/install/parrot_v1_description' for CMake config files
[1.360s] Level 1:colcon.colcon_core.shell:create_environment_hook('parrot_v1_description', 'cmake_prefix_path')
[1.371s] INFO:colcon.colcon_core.shell:Creating environment hook '/home/om/parrot_ws/src/install/parrot_v1_description/share/parrot_v1_description/hook/cmake_prefix_path.ps1'
[1.372s] INFO:colcon.colcon_core.shell:Creating environment descriptor '/home/om/parrot_ws/src/install/parrot_v1_description/share/parrot_v1_description/hook/cmake_prefix_path.dsv'
[1.372s] INFO:colcon.colcon_core.shell:Creating environment hook '/home/om/parrot_ws/src/install/parrot_v1_description/share/parrot_v1_description/hook/cmake_prefix_path.sh'
[1.373s] Level 1:colcon.colcon_core.environment:checking '/home/om/parrot_ws/src/install/parrot_v1_description/bin'
[1.373s] Level 1:colcon.colcon_core.environment:checking '/home/om/parrot_ws/src/install/parrot_v1_description/lib/pkgconfig/parrot_v1_description.pc'
[1.373s] Level 1:colcon.colcon_core.environment:checking '/home/om/parrot_ws/src/install/parrot_v1_description/lib/python3.10/site-packages'
[1.373s] Level 1:colcon.colcon_core.environment:checking '/home/om/parrot_ws/src/install/parrot_v1_description/bin'
[1.385s] INFO:colcon.colcon_core.shell:Creating package script '/home/om/parrot_ws/src/install/parrot_v1_description/share/parrot_v1_description/package.ps1'
[1.385s] INFO:colcon.colcon_core.shell:Creating package descriptor '/home/om/parrot_ws/src/install/parrot_v1_description/share/parrot_v1_description/package.dsv'
[1.386s] INFO:colcon.colcon_core.shell:Creating package script '/home/om/parrot_ws/src/install/parrot_v1_description/share/parrot_v1_description/package.sh'
[1.386s] INFO:colcon.colcon_core.shell:Creating package script '/home/om/parrot_ws/src/install/parrot_v1_description/share/parrot_v1_description/package.bash'
[1.387s] INFO:colcon.colcon_core.shell:Creating package script '/home/om/parrot_ws/src/install/parrot_v1_description/share/parrot_v1_description/package.zsh'
[1.387s] Level 1:colcon.colcon_core.environment:create_file_with_runtime_dependencies(/home/om/parrot_ws/src/install/parrot_v1_description/share/colcon-core/packages/parrot_v1_description)
[1.421s] Level 1:colcon.colcon_core.environment:create_environment_scripts_only(parrot_v1_description)
[1.432s] Level 1:colcon.colcon_core.environment:checking '/home/om/parrot_ws/src/install/parrot_v1_description' for CMake module files
[1.433s] Level 1:colcon.colcon_core.environment:checking '/home/om/parrot_ws/src/install/parrot_v1_description' for CMake config files
[1.433s] Level 1:colcon.colcon_core.shell:create_environment_hook('parrot_v1_description', 'cmake_prefix_path')
[1.444s] INFO:colcon.colcon_core.shell:Creating environment hook '/home/om/parrot_ws/src/install/parrot_v1_description/share/parrot_v1_description/hook/cmake_prefix_path.ps1'
[1.444s] INFO:colcon.colcon_core.shell:Creating environment descriptor '/home/om/parrot_ws/src/install/parrot_v1_description/share/parrot_v1_description/hook/cmake_prefix_path.dsv'
[1.444s] INFO:colcon.colcon_core.shell:Creating environment hook '/home/om/parrot_ws/src/install/parrot_v1_description/share/parrot_v1_description/hook/cmake_prefix_path.sh'
[1.445s] Level 1:colcon.colcon_core.environment:checking '/home/om/parrot_ws/src/install/parrot_v1_description/bin'
[1.445s] Level 1:colcon.colcon_core.environment:checking '/home/om/parrot_ws/src/install/parrot_v1_description/lib/pkgconfig/parrot_v1_description.pc'
[1.445s] Level 1:colcon.colcon_core.environment:checking '/home/om/parrot_ws/src/install/parrot_v1_description/lib/python3.10/site-packages'
[1.445s] Level 1:colcon.colcon_core.environment:checking '/home/om/parrot_ws/src/install/parrot_v1_description/bin'
[1.456s] INFO:colcon.colcon_core.shell:Creating package script '/home/om/parrot_ws/src/install/parrot_v1_description/share/parrot_v1_description/package.ps1'
[1.456s] INFO:colcon.colcon_core.shell:Creating package descriptor '/home/om/parrot_ws/src/install/parrot_v1_description/share/parrot_v1_description/package.dsv'
[1.457s] INFO:colcon.colcon_core.shell:Creating package script '/home/om/parrot_ws/src/install/parrot_v1_description/share/parrot_v1_description/package.sh'
[1.457s] INFO:colcon.colcon_core.shell:Creating package script '/home/om/parrot_ws/src/install/parrot_v1_description/share/parrot_v1_description/package.bash'
[1.457s] INFO:colcon.colcon_core.shell:Creating package script '/home/om/parrot_ws/src/install/parrot_v1_description/share/parrot_v1_description/package.zsh'
[1.457s] Level 1:colcon.colcon_core.environment:create_file_with_runtime_dependencies(/home/om/parrot_ws/src/install/parrot_v1_description/share/colcon-core/packages/parrot_v1_description)
[1.458s] DEBUG:colcon.colcon_parallel_executor.executor.parallel:closing loop
[1.458s] DEBUG:colcon.colcon_parallel_executor.executor.parallel:loop closed
[1.458s] DEBUG:colcon.colcon_parallel_executor.executor.parallel:run_until_complete finished with '0'
[1.458s] DEBUG:colcon.colcon_core.event_reactor:joining thread
[1.473s] INFO:colcon.colcon_core.plugin_system:Skipping extension 'colcon_notification.desktop_notification.terminal_notifier': Not used on non-Darwin systems
[1.473s] INFO:colcon.colcon_core.plugin_system:Skipping extension 'colcon_notification.desktop_notification.win32': Not used on non-Windows systems
[1.473s] INFO:colcon.colcon_notification.desktop_notification:Sending desktop notification using 'notify2'
[1.482s] DEBUG:colcon.colcon_core.event_reactor:joined thread
[1.493s] INFO:colcon.colcon_core.shell:Creating prefix script '/home/om/parrot_ws/src/install/local_setup.ps1'
[1.494s] INFO:colcon.colcon_core.shell:Creating prefix util module '/home/om/parrot_ws/src/install/_local_setup_util_ps1.py'
[1.495s] INFO:colcon.colcon_core.shell:Creating prefix chain script '/home/om/parrot_ws/src/install/setup.ps1'
[1.506s] INFO:colcon.colcon_core.shell:Creating prefix script '/home/om/parrot_ws/src/install/local_setup.sh'
[1.506s] INFO:colcon.colcon_core.shell:Creating prefix util module '/home/om/parrot_ws/src/install/_local_setup_util_sh.py'
[1.507s] INFO:colcon.colcon_core.shell:Creating prefix chain script '/home/om/parrot_ws/src/install/setup.sh'
[1.518s] INFO:colcon.colcon_core.shell:Creating prefix script '/home/om/parrot_ws/src/install/local_setup.bash'
[1.519s] INFO:colcon.colcon_core.shell:Creating prefix chain script '/home/om/parrot_ws/src/install/setup.bash'
[1.530s] INFO:colcon.colcon_core.shell:Creating prefix script '/home/om/parrot_ws/src/install/local_setup.zsh'
[1.530s] INFO:colcon.colcon_core.shell:Creating prefix chain script '/home/om/parrot_ws/src/install/setup.zsh'
