[0.042s] Invoking command in '/home/om/parrot_ws/src/build/lifecycle_nodes_example': CMAKE_PREFIX_PATH=${CMAKE_PREFIX_PATH}:/home/om/navros_ws/install/serial_motor_demo:/home/om/parrot_ws/install/parrot_v1_examples:/home/om/parrot_ws/install/parrot_v1_comms_test:/home/om/ros2_udemy_manipulator_ws/install/arduinobot_py_examples:/home/om/ros2_ws/install/turtlesim_catch_them_all:/home/om/ros2_ws/install/my_py_pkg:/opt/ros/humble /usr/bin/cmake /home/om/parrot_ws/src/lifecycle_nodes_example -DAMENT_CMAKE_SYMLINK_INSTALL=1 -DCMAKE_INSTALL_PREFIX=/home/om/parrot_ws/src/install/lifecycle_nodes_example
[0.151s] -- The C compiler identification is GNU 11.4.0
[0.234s] -- The CXX compiler identification is GNU 11.4.0
[0.240s] -- Detecting C compiler ABI info
[0.315s] -- Detecting C compiler ABI info - done
[0.324s] -- Check for working C compiler: /usr/bin/cc - skipped
[0.324s] -- Detecting C compile features
[0.324s] -- Detecting C compile features - done
[0.327s] -- Detecting CXX compiler ABI info
[0.414s] -- Detecting CXX compiler ABI info - done
[0.420s] -- Check for working CXX compiler: /usr/bin/c++ - skipped
[0.420s] -- Detecting CXX compile features
[0.421s] -- Detecting CXX compile features - done
[0.428s] -- Found ament_cmake: 1.3.9 (/opt/ros/humble/share/ament_cmake/cmake)
[0.839s] -- Found Python3: /usr/bin/python3 (found version "3.10.12") found components: Interpreter 
[0.901s] -- Override CMake install command with custom implementation using symlinks instead of copying resources
[1.007s] -- Found rclcpp: 16.0.9 (/opt/ros/humble/share/rclcpp/cmake)
[1.094s] -- Found rosidl_generator_c: 3.1.5 (/opt/ros/humble/share/rosidl_generator_c/cmake)
[1.107s] -- Found rosidl_adapter: 3.1.5 (/opt/ros/humble/share/rosidl_adapter/cmake)
[1.123s] -- Found rosidl_generator_cpp: 3.1.5 (/opt/ros/humble/share/rosidl_generator_cpp/cmake)
[1.144s] -- Using all available rosidl_typesupport_c: rosidl_typesupport_fastrtps_c;rosidl_typesupport_introspection_c
[1.176s] -- Using all available rosidl_typesupport_cpp: rosidl_typesupport_fastrtps_cpp;rosidl_typesupport_introspection_cpp
[1.283s] -- Found rmw_implementation_cmake: 6.1.2 (/opt/ros/humble/share/rmw_implementation_cmake/cmake)
[1.290s] -- Found rmw_fastrtps_cpp: 6.2.6 (/opt/ros/humble/share/rmw_fastrtps_cpp/cmake)
[1.423s] -- Found OpenSSL: /usr/lib/x86_64-linux-gnu/libcrypto.so (found version "3.0.2")  
[1.456s] -- Found FastRTPS: /opt/ros/humble/include  
[1.513s] -- Using RMW implementation 'rmw_fastrtps_cpp' as default
[1.535s] -- Looking for pthread.h
[1.604s] -- Looking for pthread.h - found
[1.604s] -- Performing Test CMAKE_HAVE_LIBC_PTHREAD
[1.679s] -- Performing Test CMAKE_HAVE_LIBC_PTHREAD - Success
[1.680s] -- Found Threads: TRUE  
[1.824s] -- Found arduinobot_msgs: 0.0.0 (/home/om/ros2_udemy_manipulator_ws/install/arduinobot_msgs/share/arduinobot_msgs/cmake)
[1.938s] -- Found rclcpp_action: 16.0.9 (/opt/ros/humble/share/rclcpp_action/cmake)
[1.971s] -- Found rclcpp_components: 16.0.9 (/opt/ros/humble/share/rclcpp_components/cmake)
[2.047s] -- Found moveit_ros_planning_interface: 2.5.5 (/opt/ros/humble/share/moveit_ros_planning_interface/cmake)
[2.108s] -- Found Boost: /usr/lib/x86_64-linux-gnu/cmake/Boost-1.74.0/BoostConfig.cmake (found version "1.74.0") found components: date_time filesystem program_options system thread 
[2.816s] -- Found Boost: /usr/lib/x86_64-linux-gnu/cmake/Boost-1.74.0/BoostConfig.cmake (found version "1.74.0") found components: chrono date_time filesystem iostreams program_options regex serialization system thread 
[2.848s] -- Found parameter_traits: 0.3.8 (/opt/ros/humble/share/parameter_traits/cmake)
[2.912s] -- Found rclcpp_lifecycle: 16.0.9 (/opt/ros/humble/share/rclcpp_lifecycle/cmake)
[2.990s] -- Found Boost: /usr/lib/x86_64-linux-gnu/cmake/Boost-1.74.0/BoostConfig.cmake (found version "1.74.0") found components: filesystem 
[3.167s] -- library: /usr/lib/x86_64-linux-gnu/libcurl.so
[3.499s] -- Found Eigen3: TRUE (found version "3.4.0") 
[3.499s] -- Ensuring Eigen3 include directory is part of orocos-kdl CMake target
[4.342s] -- Found Boost: /usr/lib/x86_64-linux-gnu/cmake/Boost-1.74.0/BoostConfig.cmake (found version "1.74.0") found components: system filesystem date_time program_options thread chrono 
[4.808s] -- Found Boost: /usr/lib/x86_64-linux-gnu/cmake/Boost-1.74.0/BoostConfig.cmake (found version "1.74.0") found components: thread system filesystem regex date_time program_options 
[5.026s] -- Found Boost: /usr/lib/x86_64-linux-gnu/cmake/Boost-1.74.0/BoostConfig.cmake (found version "1.74.0") found components: system filesystem date_time program_options thread 
[5.401s] -- Found ament_lint_auto: 0.12.11 (/opt/ros/humble/share/ament_lint_auto/cmake)
[5.508s] -- Added test 'cppcheck' to perform static code analysis on C / C++ code
[5.508s] -- Configured cppcheck include dirs: 
[5.508s] -- Configured cppcheck exclude dirs and/or files: 
[5.509s] -- Added test 'lint_cmake' to check CMake code style
[5.511s] -- Added test 'uncrustify' to check C / C++ code style
[5.511s] -- Configured uncrustify additional arguments: 
[5.512s] -- Added test 'xmllint' to check XML markup files
[5.514s] -- Configuring done
[5.526s] -- Generating done
[5.528s] -- Build files have been written to: /home/om/parrot_ws/src/build/lifecycle_nodes_example
[5.541s] Invoked command in '/home/om/parrot_ws/src/build/lifecycle_nodes_example' returned '0': CMAKE_PREFIX_PATH=${CMAKE_PREFIX_PATH}:/home/om/navros_ws/install/serial_motor_demo:/home/om/parrot_ws/install/parrot_v1_examples:/home/om/parrot_ws/install/parrot_v1_comms_test:/home/om/ros2_udemy_manipulator_ws/install/arduinobot_py_examples:/home/om/ros2_ws/install/turtlesim_catch_them_all:/home/om/ros2_ws/install/my_py_pkg:/opt/ros/humble /usr/bin/cmake /home/om/parrot_ws/src/lifecycle_nodes_example -DAMENT_CMAKE_SYMLINK_INSTALL=1 -DCMAKE_INSTALL_PREFIX=/home/om/parrot_ws/src/install/lifecycle_nodes_example
[5.543s] Invoking command in '/home/om/parrot_ws/src/build/lifecycle_nodes_example': CMAKE_PREFIX_PATH=${CMAKE_PREFIX_PATH}:/home/om/navros_ws/install/serial_motor_demo:/home/om/parrot_ws/install/parrot_v1_examples:/home/om/parrot_ws/install/parrot_v1_comms_test:/home/om/ros2_udemy_manipulator_ws/install/arduinobot_py_examples:/home/om/ros2_ws/install/turtlesim_catch_them_all:/home/om/ros2_ws/install/my_py_pkg:/opt/ros/humble /usr/bin/cmake --build /home/om/parrot_ws/src/build/lifecycle_nodes_example -- -j16 -l16
[5.606s] [ 50%] [32mBuilding CXX object CMakeFiles/simple_lifecycle_node.dir/src/simple_lifecycle_node.cpp.o[0m
[12.129s] [100%] [32m[1mLinking CXX executable simple_lifecycle_node[0m
[12.389s] [100%] Built target simple_lifecycle_node
[12.400s] Invoked command in '/home/om/parrot_ws/src/build/lifecycle_nodes_example' returned '0': CMAKE_PREFIX_PATH=${CMAKE_PREFIX_PATH}:/home/om/navros_ws/install/serial_motor_demo:/home/om/parrot_ws/install/parrot_v1_examples:/home/om/parrot_ws/install/parrot_v1_comms_test:/home/om/ros2_udemy_manipulator_ws/install/arduinobot_py_examples:/home/om/ros2_ws/install/turtlesim_catch_them_all:/home/om/ros2_ws/install/my_py_pkg:/opt/ros/humble /usr/bin/cmake --build /home/om/parrot_ws/src/build/lifecycle_nodes_example -- -j16 -l16
[12.431s] Invoking command in '/home/om/parrot_ws/src/build/lifecycle_nodes_example': CMAKE_PREFIX_PATH=${CMAKE_PREFIX_PATH}:/home/om/navros_ws/install/serial_motor_demo:/home/om/parrot_ws/install/parrot_v1_examples:/home/om/parrot_ws/install/parrot_v1_comms_test:/home/om/ros2_udemy_manipulator_ws/install/arduinobot_py_examples:/home/om/ros2_ws/install/turtlesim_catch_them_all:/home/om/ros2_ws/install/my_py_pkg:/opt/ros/humble /usr/bin/cmake --install /home/om/parrot_ws/src/build/lifecycle_nodes_example
[12.439s] -- Install configuration: ""
[12.440s] -- Execute custom install script
[12.440s] -- Symlinking: /home/om/parrot_ws/src/install/lifecycle_nodes_example/lib/lifecycle_nodes_example/simple_lifecycle_node
[12.449s] -- Symlinking: /home/om/parrot_ws/src/install/lifecycle_nodes_example/share/ament_index/resource_index/package_run_dependencies/lifecycle_nodes_example
[12.458s] -- Symlinking: /home/om/parrot_ws/src/install/lifecycle_nodes_example/share/ament_index/resource_index/parent_prefix_path/lifecycle_nodes_example
[12.467s] -- Symlinking: /home/om/parrot_ws/src/install/lifecycle_nodes_example/share/lifecycle_nodes_example/environment/ament_prefix_path.sh
[12.476s] -- Symlinking: /home/om/parrot_ws/src/install/lifecycle_nodes_example/share/lifecycle_nodes_example/environment/ament_prefix_path.dsv
[12.485s] -- Symlinking: /home/om/parrot_ws/src/install/lifecycle_nodes_example/share/lifecycle_nodes_example/environment/path.sh
[12.493s] -- Symlinking: /home/om/parrot_ws/src/install/lifecycle_nodes_example/share/lifecycle_nodes_example/environment/path.dsv
[12.502s] -- Symlinking: /home/om/parrot_ws/src/install/lifecycle_nodes_example/share/lifecycle_nodes_example/local_setup.bash
[12.511s] -- Symlinking: /home/om/parrot_ws/src/install/lifecycle_nodes_example/share/lifecycle_nodes_example/local_setup.sh
[12.520s] -- Symlinking: /home/om/parrot_ws/src/install/lifecycle_nodes_example/share/lifecycle_nodes_example/local_setup.zsh
[12.531s] -- Symlinking: /home/om/parrot_ws/src/install/lifecycle_nodes_example/share/lifecycle_nodes_example/local_setup.dsv
[12.540s] -- Symlinking: /home/om/parrot_ws/src/install/lifecycle_nodes_example/share/lifecycle_nodes_example/package.dsv
[12.549s] -- Symlinking: /home/om/parrot_ws/src/install/lifecycle_nodes_example/share/ament_index/resource_index/packages/lifecycle_nodes_example
[12.559s] -- Symlinking: /home/om/parrot_ws/src/install/lifecycle_nodes_example/share/lifecycle_nodes_example/cmake/lifecycle_nodes_exampleConfig.cmake
[12.568s] -- Symlinking: /home/om/parrot_ws/src/install/lifecycle_nodes_example/share/lifecycle_nodes_example/cmake/lifecycle_nodes_exampleConfig-version.cmake
[12.576s] -- Symlinking: /home/om/parrot_ws/src/install/lifecycle_nodes_example/share/lifecycle_nodes_example/package.xml
[12.587s] Invoked command in '/home/om/parrot_ws/src/build/lifecycle_nodes_example' returned '0': CMAKE_PREFIX_PATH=${CMAKE_PREFIX_PATH}:/home/om/navros_ws/install/serial_motor_demo:/home/om/parrot_ws/install/parrot_v1_examples:/home/om/parrot_ws/install/parrot_v1_comms_test:/home/om/ros2_udemy_manipulator_ws/install/arduinobot_py_examples:/home/om/ros2_ws/install/turtlesim_catch_them_all:/home/om/ros2_ws/install/my_py_pkg:/opt/ros/humble /usr/bin/cmake --install /home/om/parrot_ws/src/build/lifecycle_nodes_example
