-- Found ament_cmake: 1.3.8 (/opt/ros/humble/share/ament_cmake/cmake)
-- Override CMake install command with custom implementation using symlinks instead of copying resources
-- Configuring done
-- Generating done
-- Build files have been written to: /home/om/parrot_ws/src/build/parrot_v1_description
-- Install configuration: ""
-- Execute custom install script
-- Up-to-date symlink: /home/om/parrot_ws/src/install/parrot_v1_description/share/parrot_v1_description//urdf/common_properties.urdf.xacro
-- Symlinking: /home/om/parrot_ws/src/install/parrot_v1_description/share/parrot_v1_description//urdf/parrot_v1.urdf.xacro
-- Up-to-date symlink: /home/om/parrot_ws/src/install/parrot_v1_description/share/parrot_v1_description//urdf/parrot_v1_main.urdf.xacro
-- Symlinking: /home/om/parrot_ws/src/install/parrot_v1_description/share/parrot_v1_description//meshes/Linear_gear.dae
-- Symlinking: /home/om/parrot_ws/src/install/parrot_v1_description/share/parrot_v1_description//meshes/Mount.dae
-- Up-to-date symlink: /home/om/parrot_ws/src/install/parrot_v1_description/share/parrot_v1_description//meshes/base_parrot.dae
-- Up-to-date symlink: /home/om/parrot_ws/src/install/parrot_v1_description/share/parrot_v1_description//meshes/joint_1_parrot.dae
-- Up-to-date symlink: /home/om/parrot_ws/src/install/parrot_v1_description/share/parrot_v1_description//meshes/joint_2_parrot.dae
-- Up-to-date symlink: /home/om/parrot_ws/src/install/parrot_v1_description/share/parrot_v1_description//meshes/joint_3_parrot.dae
-- Up-to-date symlink: /home/om/parrot_ws/src/install/parrot_v1_description/share/parrot_v1_description//meshes/joint_4_parrot.dae
-- Up-to-date symlink: /home/om/parrot_ws/src/install/parrot_v1_description/share/parrot_v1_description//meshes/parrot_test.dae
-- Symlinking: /home/om/parrot_ws/src/install/parrot_v1_description/share/parrot_v1_description//meshes/stl_parrot/Linear_gear.stl
-- Symlinking: /home/om/parrot_ws/src/install/parrot_v1_description/share/parrot_v1_description//meshes/stl_parrot/Mount.stl
-- Up-to-date symlink: /home/om/parrot_ws/src/install/parrot_v1_description/share/parrot_v1_description//meshes/stl_parrot/base_parrot.stl
-- Up-to-date symlink: /home/om/parrot_ws/src/install/parrot_v1_description/share/parrot_v1_description//meshes/stl_parrot/gripper_dynamic_parrot.stl
-- Up-to-date symlink: /home/om/parrot_ws/src/install/parrot_v1_description/share/parrot_v1_description//meshes/stl_parrot/gripper_static_parrot.stl
-- Up-to-date symlink: /home/om/parrot_ws/src/install/parrot_v1_description/share/parrot_v1_description//meshes/stl_parrot/joint_1_parrot.stl
-- Up-to-date symlink: /home/om/parrot_ws/src/install/parrot_v1_description/share/parrot_v1_description//meshes/stl_parrot/joint_2_parrot.stl
-- Up-to-date symlink: /home/om/parrot_ws/src/install/parrot_v1_description/share/parrot_v1_description//meshes/stl_parrot/joint_3_parrot.stl
-- Up-to-date symlink: /home/om/parrot_ws/src/install/parrot_v1_description/share/parrot_v1_description//meshes/stl_parrot/joint_4_parrot.stl
-- Symlinking: /home/om/parrot_ws/src/install/parrot_v1_description/share/parrot_v1_description//rviz/parrot_v1_sim.rviz
-- Symlinking: /home/om/parrot_ws/src/install/parrot_v1_description/share/parrot_v1_description//rviz/parrot_v1_sim_2.rviz
-- Up-to-date symlink: /home/om/parrot_ws/src/install/parrot_v1_description/share/ament_index/resource_index/package_run_dependencies/parrot_v1_description
-- Up-to-date symlink: /home/om/parrot_ws/src/install/parrot_v1_description/share/ament_index/resource_index/parent_prefix_path/parrot_v1_description
-- Up-to-date symlink: /home/om/parrot_ws/src/install/parrot_v1_description/share/parrot_v1_description/environment/ament_prefix_path.sh
-- Up-to-date symlink: /home/om/parrot_ws/src/install/parrot_v1_description/share/parrot_v1_description/environment/ament_prefix_path.dsv
-- Up-to-date symlink: /home/om/parrot_ws/src/install/parrot_v1_description/share/parrot_v1_description/environment/path.sh
-- Up-to-date symlink: /home/om/parrot_ws/src/install/parrot_v1_description/share/parrot_v1_description/environment/path.dsv
-- Up-to-date symlink: /home/om/parrot_ws/src/install/parrot_v1_description/share/parrot_v1_description/local_setup.bash
-- Up-to-date symlink: /home/om/parrot_ws/src/install/parrot_v1_description/share/parrot_v1_description/local_setup.sh
-- Up-to-date symlink: /home/om/parrot_ws/src/install/parrot_v1_description/share/parrot_v1_description/local_setup.zsh
-- Up-to-date symlink: /home/om/parrot_ws/src/install/parrot_v1_description/share/parrot_v1_description/local_setup.dsv
-- Symlinking: /home/om/parrot_ws/src/install/parrot_v1_description/share/parrot_v1_description/package.dsv
-- Up-to-date symlink: /home/om/parrot_ws/src/install/parrot_v1_description/share/ament_index/resource_index/packages/parrot_v1_description
-- Up-to-date symlink: /home/om/parrot_ws/src/install/parrot_v1_description/share/parrot_v1_description/cmake/parrot_v1_descriptionConfig.cmake
-- Up-to-date symlink: /home/om/parrot_ws/src/install/parrot_v1_description/share/parrot_v1_description/cmake/parrot_v1_descriptionConfig-version.cmake
-- Up-to-date symlink: /home/om/parrot_ws/src/install/parrot_v1_description/share/parrot_v1_description/package.xml
