[0.076s] Invoking command in '/home/om/parrot_ws/src/build/parrot_v1_description': CMAKE_PREFIX_PATH=${CMAKE_PREFIX_PATH}:/home/om/ros2_ws/install/turtlesim_catch_them_all:/home/om/ros2_ws/install/my_py_pkg:/opt/ros/humble /usr/bin/cmake --build /home/om/parrot_ws/src/build/parrot_v1_description -- -j16 -l16
[0.102s] -- Found ament_cmake: 1.3.8 (/opt/ros/humble/share/ament_cmake/cmake)
[0.204s] -- Override CMake install command with custom implementation using symlinks instead of copying resources
[0.293s] -- Configuring done
[0.297s] -- Generating done
[0.298s] -- Build files have been written to: /home/om/parrot_ws/src/build/parrot_v1_description
[0.330s] Invoked command in '/home/om/parrot_ws/src/build/parrot_v1_description' returned '0': CMAKE_PREFIX_PATH=${CMAKE_PREFIX_PATH}:/home/om/ros2_ws/install/turtlesim_catch_them_all:/home/om/ros2_ws/install/my_py_pkg:/opt/ros/humble /usr/bin/cmake --build /home/om/parrot_ws/src/build/parrot_v1_description -- -j16 -l16
[0.368s] Invoking command in '/home/om/parrot_ws/src/build/parrot_v1_description': CMAKE_PREFIX_PATH=${CMAKE_PREFIX_PATH}:/home/om/ros2_ws/install/turtlesim_catch_them_all:/home/om/ros2_ws/install/my_py_pkg:/opt/ros/humble /usr/bin/cmake --install /home/om/parrot_ws/src/build/parrot_v1_description
[0.376s] -- Install configuration: ""
[0.376s] -- Execute custom install script
[0.377s] -- Up-to-date symlink: /home/om/parrot_ws/src/install/parrot_v1_description/share/parrot_v1_description//urdf/common_properties.urdf.xacro
[0.377s] -- Symlinking: /home/om/parrot_ws/src/install/parrot_v1_description/share/parrot_v1_description//urdf/parrot_v1.urdf.xacro
[0.385s] -- Up-to-date symlink: /home/om/parrot_ws/src/install/parrot_v1_description/share/parrot_v1_description//urdf/parrot_v1_main.urdf.xacro
[0.386s] -- Symlinking: /home/om/parrot_ws/src/install/parrot_v1_description/share/parrot_v1_description//meshes/Linear_gear.dae
[0.394s] -- Symlinking: /home/om/parrot_ws/src/install/parrot_v1_description/share/parrot_v1_description//meshes/Mount.dae
[0.403s] -- Up-to-date symlink: /home/om/parrot_ws/src/install/parrot_v1_description/share/parrot_v1_description//meshes/base_parrot.dae
[0.404s] -- Up-to-date symlink: /home/om/parrot_ws/src/install/parrot_v1_description/share/parrot_v1_description//meshes/joint_1_parrot.dae
[0.404s] -- Up-to-date symlink: /home/om/parrot_ws/src/install/parrot_v1_description/share/parrot_v1_description//meshes/joint_2_parrot.dae
[0.404s] -- Up-to-date symlink: /home/om/parrot_ws/src/install/parrot_v1_description/share/parrot_v1_description//meshes/joint_3_parrot.dae
[0.404s] -- Up-to-date symlink: /home/om/parrot_ws/src/install/parrot_v1_description/share/parrot_v1_description//meshes/joint_4_parrot.dae
[0.404s] -- Up-to-date symlink: /home/om/parrot_ws/src/install/parrot_v1_description/share/parrot_v1_description//meshes/parrot_test.dae
[0.404s] -- Symlinking: /home/om/parrot_ws/src/install/parrot_v1_description/share/parrot_v1_description//meshes/stl_parrot/Linear_gear.stl
[0.414s] -- Symlinking: /home/om/parrot_ws/src/install/parrot_v1_description/share/parrot_v1_description//meshes/stl_parrot/Mount.stl
[0.423s] -- Up-to-date symlink: /home/om/parrot_ws/src/install/parrot_v1_description/share/parrot_v1_description//meshes/stl_parrot/base_parrot.stl
[0.424s] -- Up-to-date symlink: /home/om/parrot_ws/src/install/parrot_v1_description/share/parrot_v1_description//meshes/stl_parrot/gripper_dynamic_parrot.stl
[0.424s] -- Up-to-date symlink: /home/om/parrot_ws/src/install/parrot_v1_description/share/parrot_v1_description//meshes/stl_parrot/gripper_static_parrot.stl
[0.424s] -- Up-to-date symlink: /home/om/parrot_ws/src/install/parrot_v1_description/share/parrot_v1_description//meshes/stl_parrot/joint_1_parrot.stl
[0.424s] -- Up-to-date symlink: /home/om/parrot_ws/src/install/parrot_v1_description/share/parrot_v1_description//meshes/stl_parrot/joint_2_parrot.stl
[0.424s] -- Up-to-date symlink: /home/om/parrot_ws/src/install/parrot_v1_description/share/parrot_v1_description//meshes/stl_parrot/joint_3_parrot.stl
[0.424s] -- Up-to-date symlink: /home/om/parrot_ws/src/install/parrot_v1_description/share/parrot_v1_description//meshes/stl_parrot/joint_4_parrot.stl
[0.425s] -- Symlinking: /home/om/parrot_ws/src/install/parrot_v1_description/share/parrot_v1_description//rviz/parrot_v1_sim.rviz
[0.434s] -- Symlinking: /home/om/parrot_ws/src/install/parrot_v1_description/share/parrot_v1_description//rviz/parrot_v1_sim_2.rviz
[0.442s] -- Up-to-date symlink: /home/om/parrot_ws/src/install/parrot_v1_description/share/ament_index/resource_index/package_run_dependencies/parrot_v1_description
[0.443s] -- Up-to-date symlink: /home/om/parrot_ws/src/install/parrot_v1_description/share/ament_index/resource_index/parent_prefix_path/parrot_v1_description
[0.443s] -- Up-to-date symlink: /home/om/parrot_ws/src/install/parrot_v1_description/share/parrot_v1_description/environment/ament_prefix_path.sh
[0.443s] -- Up-to-date symlink: /home/om/parrot_ws/src/install/parrot_v1_description/share/parrot_v1_description/environment/ament_prefix_path.dsv
[0.443s] -- Up-to-date symlink: /home/om/parrot_ws/src/install/parrot_v1_description/share/parrot_v1_description/environment/path.sh
[0.443s] -- Up-to-date symlink: /home/om/parrot_ws/src/install/parrot_v1_description/share/parrot_v1_description/environment/path.dsv
[0.444s] -- Up-to-date symlink: /home/om/parrot_ws/src/install/parrot_v1_description/share/parrot_v1_description/local_setup.bash
[0.444s] -- Up-to-date symlink: /home/om/parrot_ws/src/install/parrot_v1_description/share/parrot_v1_description/local_setup.sh
[0.444s] -- Up-to-date symlink: /home/om/parrot_ws/src/install/parrot_v1_description/share/parrot_v1_description/local_setup.zsh
[0.444s] -- Up-to-date symlink: /home/om/parrot_ws/src/install/parrot_v1_description/share/parrot_v1_description/local_setup.dsv
[0.444s] -- Symlinking: /home/om/parrot_ws/src/install/parrot_v1_description/share/parrot_v1_description/package.dsv
[0.455s] -- Up-to-date symlink: /home/om/parrot_ws/src/install/parrot_v1_description/share/ament_index/resource_index/packages/parrot_v1_description
[0.455s] -- Up-to-date symlink: /home/om/parrot_ws/src/install/parrot_v1_description/share/parrot_v1_description/cmake/parrot_v1_descriptionConfig.cmake
[0.455s] -- Up-to-date symlink: /home/om/parrot_ws/src/install/parrot_v1_description/share/parrot_v1_description/cmake/parrot_v1_descriptionConfig-version.cmake
[0.455s] -- Up-to-date symlink: /home/om/parrot_ws/src/install/parrot_v1_description/share/parrot_v1_description/package.xml
[0.458s] Invoked command in '/home/om/parrot_ws/src/build/parrot_v1_description' returned '0': CMAKE_PREFIX_PATH=${CMAKE_PREFIX_PATH}:/home/om/ros2_ws/install/turtlesim_catch_them_all:/home/om/ros2_ws/install/my_py_pkg:/opt/ros/humble /usr/bin/cmake --install /home/om/parrot_ws/src/build/parrot_v1_description
