[0.143s] Invoking command in '/home/om/parrot_ws/src/build/parrot_v1_bringup': CMAKE_PREFIX_PATH=${CMAKE_PREFIX_PATH}:/home/om/ros2_ws/install/turtlesim_catch_them_all:/home/om/ros2_ws/install/my_py_pkg:/opt/ros/humble /usr/bin/cmake /home/om/parrot_ws/src/parrot_v1_bringup -DAMENT_CMAKE_SYMLINK_INSTALL=1 -DCMAKE_INSTALL_PREFIX=/home/om/parrot_ws/src/install/parrot_v1_bringup
[0.226s] -- The C compiler identification is GNU 11.4.0
[0.296s] -- The CXX compiler identification is GNU 11.4.0
[0.304s] -- Detecting C compiler ABI info
[0.403s] -- Detecting C compiler ABI info - done
[0.409s] -- Check for working C compiler: /usr/bin/cc - skipped
[0.410s] -- Detecting C compile features
[0.410s] -- Detecting C compile features - done
[0.413s] -- Detecting CXX compiler ABI info
[0.490s] -- Detecting CXX compiler ABI info - done
[0.496s] -- Check for working CXX compiler: /usr/bin/c++ - skipped
[0.496s] -- Detecting CXX compile features
[0.496s] -- Detecting CXX compile features - done
[0.501s] -- Found ament_cmake: 1.3.8 (/opt/ros/humble/share/ament_cmake/cmake)
[0.628s] -- Found Python3: /usr/bin/python3 (found version "3.10.12") found components: Interpreter 
[0.683s] -- Override CMake install command with custom implementation using symlinks instead of copying resources
[0.771s] -- Configuring done
[0.774s] -- Generating done
[0.774s] -- Build files have been written to: /home/om/parrot_ws/src/build/parrot_v1_bringup
[0.779s] Invoked command in '/home/om/parrot_ws/src/build/parrot_v1_bringup' returned '0': CMAKE_PREFIX_PATH=${CMAKE_PREFIX_PATH}:/home/om/ros2_ws/install/turtlesim_catch_them_all:/home/om/ros2_ws/install/my_py_pkg:/opt/ros/humble /usr/bin/cmake /home/om/parrot_ws/src/parrot_v1_bringup -DAMENT_CMAKE_SYMLINK_INSTALL=1 -DCMAKE_INSTALL_PREFIX=/home/om/parrot_ws/src/install/parrot_v1_bringup
[0.781s] Invoking command in '/home/om/parrot_ws/src/build/parrot_v1_bringup': CMAKE_PREFIX_PATH=${CMAKE_PREFIX_PATH}:/home/om/ros2_ws/install/turtlesim_catch_them_all:/home/om/ros2_ws/install/my_py_pkg:/opt/ros/humble /usr/bin/cmake --build /home/om/parrot_ws/src/build/parrot_v1_bringup -- -j16 -l16
[0.821s] Invoked command in '/home/om/parrot_ws/src/build/parrot_v1_bringup' returned '0': CMAKE_PREFIX_PATH=${CMAKE_PREFIX_PATH}:/home/om/ros2_ws/install/turtlesim_catch_them_all:/home/om/ros2_ws/install/my_py_pkg:/opt/ros/humble /usr/bin/cmake --build /home/om/parrot_ws/src/build/parrot_v1_bringup -- -j16 -l16
[0.847s] Invoking command in '/home/om/parrot_ws/src/build/parrot_v1_bringup': CMAKE_PREFIX_PATH=${CMAKE_PREFIX_PATH}:/home/om/ros2_ws/install/turtlesim_catch_them_all:/home/om/ros2_ws/install/my_py_pkg:/opt/ros/humble /usr/bin/cmake --install /home/om/parrot_ws/src/build/parrot_v1_bringup
[0.855s] -- Install configuration: ""
[0.855s] -- Execute custom install script
[0.855s] -- Symlinking: /home/om/parrot_ws/src/install/parrot_v1_bringup/share/parrot_v1_bringup/launch/parrot_v1_sim.launch.xml
[0.864s] -- Symlinking: /home/om/parrot_ws/src/install/parrot_v1_bringup/share/ament_index/resource_index/package_run_dependencies/parrot_v1_bringup
[0.873s] -- Symlinking: /home/om/parrot_ws/src/install/parrot_v1_bringup/share/ament_index/resource_index/parent_prefix_path/parrot_v1_bringup
[0.881s] -- Symlinking: /home/om/parrot_ws/src/install/parrot_v1_bringup/share/parrot_v1_bringup/environment/ament_prefix_path.sh
[0.888s] -- Symlinking: /home/om/parrot_ws/src/install/parrot_v1_bringup/share/parrot_v1_bringup/environment/ament_prefix_path.dsv
[0.897s] -- Symlinking: /home/om/parrot_ws/src/install/parrot_v1_bringup/share/parrot_v1_bringup/environment/path.sh
[0.905s] -- Symlinking: /home/om/parrot_ws/src/install/parrot_v1_bringup/share/parrot_v1_bringup/environment/path.dsv
[0.912s] -- Symlinking: /home/om/parrot_ws/src/install/parrot_v1_bringup/share/parrot_v1_bringup/local_setup.bash
[0.921s] -- Symlinking: /home/om/parrot_ws/src/install/parrot_v1_bringup/share/parrot_v1_bringup/local_setup.sh
[0.932s] -- Symlinking: /home/om/parrot_ws/src/install/parrot_v1_bringup/share/parrot_v1_bringup/local_setup.zsh
[0.942s] -- Symlinking: /home/om/parrot_ws/src/install/parrot_v1_bringup/share/parrot_v1_bringup/local_setup.dsv
[0.952s] -- Symlinking: /home/om/parrot_ws/src/install/parrot_v1_bringup/share/parrot_v1_bringup/package.dsv
[0.960s] -- Symlinking: /home/om/parrot_ws/src/install/parrot_v1_bringup/share/ament_index/resource_index/packages/parrot_v1_bringup
[0.969s] -- Symlinking: /home/om/parrot_ws/src/install/parrot_v1_bringup/share/parrot_v1_bringup/cmake/parrot_v1_bringupConfig.cmake
[0.977s] -- Symlinking: /home/om/parrot_ws/src/install/parrot_v1_bringup/share/parrot_v1_bringup/cmake/parrot_v1_bringupConfig-version.cmake
[0.985s] -- Symlinking: /home/om/parrot_ws/src/install/parrot_v1_bringup/share/parrot_v1_bringup/package.xml
[0.995s] Invoked command in '/home/om/parrot_ws/src/build/parrot_v1_bringup' returned '0': CMAKE_PREFIX_PATH=${CMAKE_PREFIX_PATH}:/home/om/ros2_ws/install/turtlesim_catch_them_all:/home/om/ros2_ws/install/my_py_pkg:/opt/ros/humble /usr/bin/cmake --install /home/om/parrot_ws/src/build/parrot_v1_bringup
